# ID: 7a0fb476e638a180b46f62001c89e8651b4f70fe45a64e2eae71d1b99a0f0300
# Names: ["/cool_wescoff"]
# Command: bash -c '
    echo __1; date +%s%N;
    sleep 2s;
    echo __2; date +%s%N;
    apt-get update;
    echo __3; date +%s%N;
    sleep 2s;
    echo __4; date +%s%N;
    DEBIAN_FRONTEND=noninteractive apt-get install -y tree stress wget;
    echo __5; date +%s%N;
    sleep 2s;
    echo __6; date +%s%N;
    tree;
    echo __7; date +%s%N;
    sleep 2s;
    echo __8; date +%s%N;
    stress --cpu 8 --io 4 --vm 4 --vm-bytes 1024M --timeout 10s;
    echo __9; date +%s%N;
    sleep 2s;
    echo __A; date +%s%N;
    wget "http://ipv4.download.thinkbroadband.com/10MB.zip";
    echo __B; date +%s%N;
    sleep 2s
    echo __C; date +%s%N;
'
# Image: ubuntu
# Status: Up Less than a second
# Labels: {}
# Ports: []
# Created: 2020-03-22 06:20:46 UTC
# Size: None
# Root FS Size: None
# Poll time: 1584858047142385276
# Initialized at: 1584858047167097270
read,pids.current,pids.max,cpu.usage.total,cpu.usage.system,cpu.usage.user,cpu.usage.percpu,cpuacct.stat.user,cpuacct.stat.system,cpu.throttling.periods,cpu.throttling.throttled,cpu.throttling.throttled_time
1584858047167244488,2,max,161557207,0,161557207,816263 985184 0 8628973 2882495 1712274 146263804 268214,14,0,0,0,0
1584858047215011443,2,max,161557207,0,161557207,816263 985184 0 8628973 2882495 1712274 146263804 268214,14,0,0,0,0
1584858047263098034,2,max,161557207,0,161557207,816263 985184 0 8628973 2882495 1712274 146263804 268214,14,0,0,0,0
1584858047311187137,2,max,161557207,0,161557207,816263 985184 0 8628973 2882495 1712274 146263804 268214,14,0,0,0,0
1584858047359298463,2,max,161557207,0,161557207,816263 985184 0 8628973 2882495 1712274 146263804 268214,14,0,0,0,0
1584858047407343449,2,max,161557207,0,161557207,816263 985184 0 8628973 2882495 1712274 146263804 268214,14,0,0,0,0
1584858047455409887,2,max,161557207,0,161557207,816263 985184 0 8628973 2882495 1712274 146263804 268214,14,0,0,0,0
1584858047503473343,2,max,161557207,0,161557207,816263 985184 0 8628973 2882495 1712274 146263804 268214,14,0,0,0,0
1584858047551583973,2,max,161557207,0,161557207,816263 985184 0 8628973 2882495 1712274 146263804 268214,14,0,0,0,0
1584858047599649826,2,max,161557207,0,161557207,816263 985184 0 8628973 2882495 1712274 146263804 268214,14,0,0,0,0
1584858047647785908,2,max,161557207,0,161557207,816263 985184 0 8628973 2882495 1712274 146263804 268214,14,0,0,0,0
1584858047695850394,2,max,161557207,0,161557207,816263 985184 0 8628973 2882495 1712274 146263804 268214,14,0,0,0,0
1584858047743955965,2,max,161557207,0,161557207,816263 985184 0 8628973 2882495 1712274 146263804 268214,14,0,0,0,0
1584858047792037932,2,max,161557207,0,161557207,816263 985184 0 8628973 2882495 1712274 146263804 268214,14,0,0,0,0
1584858047840086525,2,max,161557207,0,161557207,816263 985184 0 8628973 2882495 1712274 146263804 268214,14,0,0,0,0
1584858047888168256,2,max,161557207,0,161557207,816263 985184 0 8628973 2882495 1712274 146263804 268214,14,0,0,0,0
1584858047936249655,2,max,161557207,0,161557207,816263 985184 0 8628973 2882495 1712274 146263804 268214,14,0,0,0,0
1584858047984332837,2,max,161557207,0,161557207,816263 985184 0 8628973 2882495 1712274 146263804 268214,14,0,0,0,0
1584858048032398288,2,max,161557207,0,161557207,816263 985184 0 8628973 2882495 1712274 146263804 268214,14,0,0,0,0
1584858048080462288,2,max,161557207,0,161557207,816263 985184 0 8628973 2882495 1712274 146263804 268214,14,0,0,0,0
1584858048128535628,2,max,161557207,0,161557207,816263 985184 0 8628973 2882495 1712274 146263804 268214,14,0,0,0,0
1584858048176610264,2,max,161557207,0,161557207,816263 985184 0 8628973 2882495 1712274 146263804 268214,14,0,0,0,0
1584858048224680330,2,max,161557207,0,161557207,816263 985184 0 8628973 2882495 1712274 146263804 268214,14,0,0,0,0
1584858048272739350,2,max,161557207,0,161557207,816263 985184 0 8628973 2882495 1712274 146263804 268214,14,0,0,0,0
1584858048320815924,2,max,161557207,0,161557207,816263 985184 0 8628973 2882495 1712274 146263804 268214,14,0,0,0,0
1584858048368916829,2,max,161557207,0,161557207,816263 985184 0 8628973 2882495 1712274 146263804 268214,14,0,0,0,0
1584858048417016004,2,max,161557207,0,161557207,816263 985184 0 8628973 2882495 1712274 146263804 268214,14,0,0,0,0
1584858048465098312,2,max,161557207,0,161557207,816263 985184 0 8628973 2882495 1712274 146263804 268214,14,0,0,0,0
1584858048513149333,2,max,161557207,0,161557207,816263 985184 0 8628973 2882495 1712274 146263804 268214,14,0,0,0,0
1584858048561220285,2,max,161557207,0,161557207,816263 985184 0 8628973 2882495 1712274 146263804 268214,14,0,0,0,0
1584858048609278230,2,max,161557207,0,161557207,816263 985184 0 8628973 2882495 1712274 146263804 268214,14,0,0,0,0
1584858048657368929,2,max,161557207,0,161557207,816263 985184 0 8628973 2882495 1712274 146263804 268214,14,0,0,0,0
1584858048705434000,2,max,161557207,0,161557207,816263 985184 0 8628973 2882495 1712274 146263804 268214,14,0,0,0,0
1584858048753473588,2,max,161557207,0,161557207,816263 985184 0 8628973 2882495 1712274 146263804 268214,14,0,0,0,0
1584858048801583956,2,max,161557207,0,161557207,816263 985184 0 8628973 2882495 1712274 146263804 268214,14,0,0,0,0
1584858048849697850,2,max,161557207,0,161557207,816263 985184 0 8628973 2882495 1712274 146263804 268214,14,0,0,0,0
1584858048897781413,2,max,161557207,0,161557207,816263 985184 0 8628973 2882495 1712274 146263804 268214,14,0,0,0,0
1584858048945847357,4,max,186314457,0,186314457,11080719 1942915 3038099 8798894 2882495 7890523 146593162 4087650,15,0,0,0,0
1584858048993945196,4,max,186528715,0,186528715,11263146 1942915 3038099 8798894 2882495 7890523 146593162 4119481,15,0,0,0,0
1584858049042015653,4,max,186743704,0,186743704,11263146 2123797 3038099 8798894 2882495 7890523 146593162 4153588,15,0,0,0,0
1584858049090146975,4,max,187096938,0,187096938,11475092 2123797 3038099 8798894 2882495 7890523 146593162 4294876,15,0,0,0,0
1584858049138180893,4,max,188140410,0,188140410,11598952 2123797 3038099 8798894 2882495 7890523 146593162 5214488,15,0,0,0,0
1584858049186244854,4,max,190604419,0,190604419,12879615 2469871 3038099 8798894 2882495 8229508 146593162 5712775,15,1,0,0,0
1584858049234318536,7,max,207488027,0,207488027,15258496 4523090 3038099 9625376 2882495 8229508 151780287 12150676,16,2,0,0,0
1584858049282398847,8,max,257250700,0,257250700,15258496 12535226 4534289 11633411 6694721 29147921 165060300 12386336,18,5,0,0,0
1584858049330431801,5,max,269550308,0,269550308,16540381 15247542 4534289 11888488 7456195 32757644 166269987 14855782,19,5,0,0,0
1584858049378520387,5,max,276295126,0,276295126,18121041 15247542 4534289 15310408 7456195 33259909 166460942 15904800,20,6,0,0,0
1584858049426591422,5,max,289277494,0,289277494,27779038 15247542 4534289 15699194 7456195 34439853 166460942 17660441,20,6,0,0,0
1584858049474647832,6,max,320743162,0,320743162,53123026 15247542 4534289 17213519 7706155 34563806 167613830 20740995,23,7,0,0,0
1584858049522706451,6,max,389021651,0,389021651,102369400 15247542 4534289 17213519 24825814 34563806 169526286 20740995,28,9,0,0,0
1584858049570768110,6,max,436817683,0,436817683,147615828 15591788 4534289 17213519 24825814 34563806 171067039 21405600,33,9,0,0,0
1584858049618794480,9,max,472456930,0,472456930,175519369 16091175 4534289 17538401 24825814 35309125 174410045 24228712,35,10,0,0,0
1584858049666876467,9,max,521807204,0,521807204,187412991 20495272 8644372 23400307 32954441 38816590 180478362 29604869,38,12,0,0,0
1584858049714955385,6,max,543976511,0,543976511,197697782 24780979 9621531 23504490 34955258 39183539 181444903 32788029,40,12,0,0,0
1584858049763024885,9,max,584309681,0,584309681,201368893 33556517 9621531 23827647 49068494 40756371 190041469 36068759,42,14,0,0,0
1584858049811149663,6,max,618311461,0,618311461,215561268 38238999 10925681 24026147 51394664 44117864 191952174 42094664,43,16,0,0,0
1584858049859175221,8,max,638956053,0,638956053,215751456 43953761 13395729 29137493 52560377 45952800 191952174 46252263,44,17,0,0,0
1584858049907253755,6,max,687543827,0,687543827,217677243 75951094 21992540 29609111 55627992 46075757 193147967 47462123,47,19,0,0,0
1584858049955314901,6,max,690208563,0,690208563,217801289 75951094 21992540 29609111 55627992 46075757 193147967 50002813,47,19,0,0,0
1584858050003389680,6,max,701738737,0,701738737,222325292 75951094 21992540 29609111 55627992 46075757 193147967 57008984,47,19,0,0,0
1584858050051454761,6,max,712558725,0,712558725,222325292 75951094 21992540 29609111 55627992 46075757 193147967 67828972,48,19,0,0,0
1584858050099566716,6,max,721895126,0,721895126,223513115 75951094 21992540 29609111 55627992 46075757 193147967 75977550,48,19,0,0,0
1584858050147614862,6,max,735625209,0,735625209,232217816 75951094 21992540 29609111 55627992 46075757 193147967 81002932,49,20,0,0,0
1584858050195686600,6,max,751004536,0,751004536,243834002 75951094 21992540 29609111 55627992 46075757 193147967 84766073,50,21,0,0,0
1584858050243741947,6,max,763989345,0,763989345,248171659 79788312 26802474 29609111 55627992 46075757 193147967 84766073,51,21,0,0,0
1584858050291827288,6,max,778811900,0,778811900,248171659 84845027 36568314 29609111 55627992 46075757 193147967 84766073,52,22,0,0,0
1584858050339888698,6,max,799049631,0,799049631,248171659 97744917 43906155 29609111 55627992 46075757 193147967 84766073,54,22,0,0,0
1584858050387960786,6,max,821287369,0,821287369,248171659 100263048 50354508 42880365 55627992 46075757 193147967 84766073,56,23,0,0,0
1584858050436027740,6,max,842346416,0,842346416,248171659 100263048 71523690 42880365 55627992 46075757 193147967 84766073,59,23,0,0,0
1584858050484103932,6,max,861237800,0,861237800,248224386 100263048 84208600 48923977 55627992 46075757 193147967 84766073,60,23,0,0,0
1584858050532215034,6,max,881107105,0,881107105,248224386 100263048 84208600 68793282 55627992 46075757 193147967 84766073,62,24,0,0,0
1584858050580270294,6,max,902523462,0,902523462,248224386 100263048 84208600 89759759 56077872 46075757 193147967 84766073,64,24,0,0,0
1584858050628348565,6,max,920708617,0,920708617,248224386 100263048 84208600 107944914 56077872 46075757 193147967 84766073,65,25,0,0,0
1584858050676405634,6,max,994117375,0,994117375,248641086 146984046 84208600 133332080 56872862 46075757 193147967 84854977,72,26,0,0,0
1584858050724456927,6,max,1055698194,0,1055698194,248641086 193597745 84208600 147968809 57046243 46075757 193304977 84854977,78,26,0,0,0
1584858050772511943,6,max,1115092169,0,1115092169,248641086 240187426 84208600 160269605 57046243 46075757 193808475 84854977,83,27,0,0,0
1584858050820585794,6,max,1165017648,0,1165017648,248641086 290112905 84208600 160269605 57046243 46075757 193808475 84854977,88,27,0,0,0
1584858050868642696,6,max,1211552057,0,1211552057,248641086 336647314 84208600 160269605 57046243 46075757 193808475 84854977,92,27,0,0,0
1584858050916717014,6,max,1261484924,0,1261484924,248641086 386580181 84208600 160269605 57046243 46075757 193808475 84854977,97,27,0,0,0
1584858050964777069,6,max,1308101494,0,1308101494,248641086 433196751 84208600 160269605 57046243 46075757 193808475 84854977,102,27,0,0,0
1584858051012833944,6,max,1358050052,0,1358050052,248641086 483145309 84208600 160269605 57046243 46075757 193808475 84854977,107,27,0,0,0
1584858051060892188,6,max,1404560176,0,1404560176,248641086 529655433 84208600 160269605 57046243 46075757 193808475 84854977,111,27,0,0,0
1584858051108978713,6,max,1451177489,0,1451177489,248641086 576272746 84208600 160269605 57046243 46075757 193808475 84854977,116,28,0,0,0
1584858051157040719,6,max,1501115154,0,1501115154,248641086 626210411 84208600 160269605 57046243 46075757 193808475 84854977,121,28,0,0,0
1584858051205093876,6,max,1547700450,0,1547700450,248641086 672795707 84208600 160269605 57046243 46075757 193808475 84854977,125,28,0,0,0
1584858051253132586,6,max,1597723603,0,1597723603,248641086 722209069 84410531 160487332 57046243 46075757 193998608 84854977,130,28,0,0,0
1584858051301208192,6,max,1644343113,0,1644343113,248641086 768828579 84410531 160487332 57046243 46075757 193998608 84854977,135,28,0,0,0
1584858051349290574,6,max,1694191676,0,1694191676,248641086 818306409 84581124 160487332 57246383 46075757 193998608 84854977,139,29,0,0,0
1584858051397347321,6,max,1740801761,0,1740801761,248641086 864916494 84581124 160487332 57246383 46075757 193998608 84854977,144,29,0,0,0
1584858051445408018,6,max,1787371692,0,1787371692,248641086 911150555 84581124 160487332 57582253 46075757 193998608 84854977,148,29,0,0,0
1584858051493477575,3,max,1837665935,0,1837665935,248641086 955695530 85091497 160757484 61189074 46992694 193998608 85299962,153,30,0,0,0
1584858051541536924,2,max,1883965643,0,1883965643,248641086 956873028 85091497 160757484 106311284 46992694 193998608 85299962,157,30,0,0,0
1584858051589600739,2,max,1933833312,0,1933833312,248641086 956873028 85091497 160757484 156178953 46992694 193998608 85299962,162,30,0,0,0
1584858051637680694,2,max,1980433143,0,1980433143,248641086 956873028 85091497 160757484 202778784 46992694 193998608 85299962,166,31,0,0,0
1584858051685738743,2,max,2027029426,0,2027029426,248641086 956873028 85091497 160757484 249375067 46992694 193998608 85299962,171,31,0,0,0
1584858051733798964,2,max,2076983201,0,2076983201,248641086 956873028 85091497 160757484 299328842 46992694 193998608 85299962,176,31,0,0,0
1584858051781875705,2,max,2123594284,0,2123594284,248641086 956873028 85091497 160757484 345939925 46992694 193998608 85299962,180,31,0,0,0
1584858051829936384,2,max,2173520854,0,2173520854,248641086 956873028 85091497 160757484 395866495 46992694 193998608 85299962,185,31,0,0,0
1584858051878012882,2,max,2220134559,0,2220134559,248641086 956873028 85091497 160757484 442480200 46992694 193998608 85299962,190,31,0,0,0
1584858051926064169,2,max,2270085467,0,2270085467,248641086 956873028 85091497 160757484 492431108 46992694 193998608 85299962,194,31,0,0,0
1584858051974156419,2,max,2316712436,0,2316712436,248641086 956873028 85091497 160757484 539058077 46992694 193998608 85299962,199,31,0,0,0
1584858052022205849,2,max,2363281821,0,2363281821,248641086 956873028 85091497 160757484 585627462 46992694 193998608 85299962,204,31,0,0,0
1584858052070264065,2,max,2413191314,0,2413191314,248641086 956873028 85091497 160757484 635536955 46992694 193998608 85299962,208,32,0,0,0
1584858052118327830,2,max,2459787475,0,2459787475,248641086 956873028 85091497 160757484 682133116 46992694 193998608 85299962,212,32,0,0,0
1584858052166403552,3,max,2519918600,0,2519918600,248641086 968778988 85091497 160757484 730358281 46992694 193998608 85299962,217,33,0,0,0
1584858052214452800,2,max,2535953299,0,2535953299,248850812 969286535 85260155 160757484 745201727 46992694 193998608 85605284,219,33,0,0,0
1584858052262516743,2,max,2535953299,0,2535953299,248850812 969286535 85260155 160757484 745201727 46992694 193998608 85605284,219,33,0,0,0
1584858052310590800,2,max,2535953299,0,2535953299,248850812 969286535 85260155 160757484 745201727 46992694 193998608 85605284,219,33,0,0,0
1584858052358683275,2,max,2535953299,0,2535953299,248850812 969286535 85260155 160757484 745201727 46992694 193998608 85605284,219,33,0,0,0
1584858052406767523,2,max,2535953299,0,2535953299,248850812 969286535 85260155 160757484 745201727 46992694 193998608 85605284,219,33,0,0,0
1584858052454858453,2,max,2535953299,0,2535953299,248850812 969286535 85260155 160757484 745201727 46992694 193998608 85605284,219,33,0,0,0
1584858052502944148,2,max,2535953299,0,2535953299,248850812 969286535 85260155 160757484 745201727 46992694 193998608 85605284,219,33,0,0,0
1584858052551041216,2,max,2535953299,0,2535953299,248850812 969286535 85260155 160757484 745201727 46992694 193998608 85605284,219,33,0,0,0
1584858052599111296,2,max,2535953299,0,2535953299,248850812 969286535 85260155 160757484 745201727 46992694 193998608 85605284,219,33,0,0,0
1584858052647190067,2,max,2535953299,0,2535953299,248850812 969286535 85260155 160757484 745201727 46992694 193998608 85605284,219,33,0,0,0
1584858052695256996,2,max,2535953299,0,2535953299,248850812 969286535 85260155 160757484 745201727 46992694 193998608 85605284,219,33,0,0,0
1584858052743344096,2,max,2535953299,0,2535953299,248850812 969286535 85260155 160757484 745201727 46992694 193998608 85605284,219,33,0,0,0
1584858052791393616,2,max,2535953299,0,2535953299,248850812 969286535 85260155 160757484 745201727 46992694 193998608 85605284,219,33,0,0,0
1584858052839462150,2,max,2535953299,0,2535953299,248850812 969286535 85260155 160757484 745201727 46992694 193998608 85605284,219,33,0,0,0
1584858052887561754,2,max,2535953299,0,2535953299,248850812 969286535 85260155 160757484 745201727 46992694 193998608 85605284,219,33,0,0,0
1584858052935663466,2,max,2535953299,0,2535953299,248850812 969286535 85260155 160757484 745201727 46992694 193998608 85605284,219,33,0,0,0
1584858052983722296,2,max,2535953299,0,2535953299,248850812 969286535 85260155 160757484 745201727 46992694 193998608 85605284,219,33,0,0,0
1584858053031805275,2,max,2535953299,0,2535953299,248850812 969286535 85260155 160757484 745201727 46992694 193998608 85605284,219,33,0,0,0
1584858053079843601,2,max,2535953299,0,2535953299,248850812 969286535 85260155 160757484 745201727 46992694 193998608 85605284,219,33,0,0,0
1584858053127929935,2,max,2535953299,0,2535953299,248850812 969286535 85260155 160757484 745201727 46992694 193998608 85605284,219,33,0,0,0
1584858053175971054,2,max,2535953299,0,2535953299,248850812 969286535 85260155 160757484 745201727 46992694 193998608 85605284,219,33,0,0,0
1584858053224035670,2,max,2535953299,0,2535953299,248850812 969286535 85260155 160757484 745201727 46992694 193998608 85605284,219,33,0,0,0
1584858053272099318,2,max,2535953299,0,2535953299,248850812 969286535 85260155 160757484 745201727 46992694 193998608 85605284,219,33,0,0,0
1584858053320177041,2,max,2535953299,0,2535953299,248850812 969286535 85260155 160757484 745201727 46992694 193998608 85605284,219,33,0,0,0
1584858053368265104,2,max,2535953299,0,2535953299,248850812 969286535 85260155 160757484 745201727 46992694 193998608 85605284,219,33,0,0,0
1584858053416325812,2,max,2535953299,0,2535953299,248850812 969286535 85260155 160757484 745201727 46992694 193998608 85605284,219,33,0,0,0
1584858053464378463,2,max,2535953299,0,2535953299,248850812 969286535 85260155 160757484 745201727 46992694 193998608 85605284,219,33,0,0,0
1584858053512445041,2,max,2535953299,0,2535953299,248850812 969286535 85260155 160757484 745201727 46992694 193998608 85605284,219,33,0,0,0
1584858053560516500,2,max,2535953299,0,2535953299,248850812 969286535 85260155 160757484 745201727 46992694 193998608 85605284,219,33,0,0,0
1584858053608613100,2,max,2535953299,0,2535953299,248850812 969286535 85260155 160757484 745201727 46992694 193998608 85605284,219,33,0,0,0
1584858053656649155,2,max,2535953299,0,2535953299,248850812 969286535 85260155 160757484 745201727 46992694 193998608 85605284,219,33,0,0,0
1584858053704747409,2,max,2535953299,0,2535953299,248850812 969286535 85260155 160757484 745201727 46992694 193998608 85605284,219,33,0,0,0
1584858053752814852,2,max,2535953299,0,2535953299,248850812 969286535 85260155 160757484 745201727 46992694 193998608 85605284,219,33,0,0,0
1584858053800866550,2,max,2535953299,0,2535953299,248850812 969286535 85260155 160757484 745201727 46992694 193998608 85605284,219,33,0,0,0
1584858053848928381,2,max,2535953299,0,2535953299,248850812 969286535 85260155 160757484 745201727 46992694 193998608 85605284,219,33,0,0,0
1584858053897010599,2,max,2535953299,0,2535953299,248850812 969286535 85260155 160757484 745201727 46992694 193998608 85605284,219,33,0,0,0
1584858053945106018,2,max,2535953299,0,2535953299,248850812 969286535 85260155 160757484 745201727 46992694 193998608 85605284,219,33,0,0,0
1584858053993208710,2,max,2535953299,0,2535953299,248850812 969286535 85260155 160757484 745201727 46992694 193998608 85605284,219,33,0,0,0
1584858054041290028,2,max,2535953299,0,2535953299,248850812 969286535 85260155 160757484 745201727 46992694 193998608 85605284,219,33,0,0,0
1584858054089402902,2,max,2535953299,0,2535953299,248850812 969286535 85260155 160757484 745201727 46992694 193998608 85605284,219,33,0,0,0
1584858054137454418,2,max,2535953299,0,2535953299,248850812 969286535 85260155 160757484 745201727 46992694 193998608 85605284,219,33,0,0,0
1584858054185544485,2,max,2538221863,0,2538221863,248850812 969286535 85673271 161191773 746208369 46992694 194186842 85831567,219,33,0,0,0
1584858054233622356,2,max,2585729816,0,2585729816,293665500 969286535 85673271 161191773 746367431 49526897 194186842 85831567,223,34,0,0,0
1584858054281680722,2,max,2633344898,0,2633344898,341280582 969286535 85673271 161191773 746367431 49526897 194186842 85831567,227,34,0,0,0
1584858054329735018,2,max,2681791575,0,2681791575,389727259 969286535 85673271 161191773 746367431 49526897 194186842 85831567,232,35,0,0,0
1584858054377811634,2,max,2728076467,0,2728076467,436012151 969286535 85673271 161191773 746367431 49526897 194186842 85831567,237,35,0,0,0
1584858054425899856,2,max,2773779698,0,2773779698,481715382 969286535 85673271 161191773 746367431 49526897 194186842 85831567,241,35,0,0,0
1584858054473953687,2,max,2822924579,0,2822924579,530860263 969286535 85673271 161191773 746367431 49526897 194186842 85831567,246,35,0,0,0
1584858054522008745,2,max,2869283591,0,2869283591,577219275 969286535 85673271 161191773 746367431 49526897 194186842 85831567,250,36,0,0,0
1584858054570052640,2,max,2918899988,0,2918899988,626835672 969286535 85673271 161191773 746367431 49526897 194186842 85831567,255,36,0,0,0
1584858054618109735,2,max,2965233784,0,2965233784,673169468 969286535 85673271 161191773 746367431 49526897 194186842 85831567,259,36,0,0,0
1584858054666184511,2,max,3014602718,0,3014602718,722538402 969286535 85673271 161191773 746367431 49526897 194186842 85831567,264,36,0,0,0
1584858054714241964,2,max,3062649059,0,3062649059,770584743 969286535 85673271 161191773 746367431 49526897 194186842 85831567,269,36,0,0,0
1584858054762319402,2,max,3107335603,0,3107335603,815271287 969286535 85673271 161191773 746367431 49526897 194186842 85831567,273,37,0,0,0
1584858054810341142,2,max,3157169651,0,3157169651,865105335 969286535 85673271 161191773 746367431 49526897 194186842 85831567,277,37,0,0,0
1584858054858434956,2,max,3202753204,0,3202753204,910688888 969286535 85673271 161191773 746367431 49526897 194186842 85831567,282,38,0,0,0
1584858054906498444,3,max,3256514052,0,3256514052,960231666 973504605 85673271 161191773 746367431 49526897 194186842 85831567,287,38,0,0,0
1584858054954594688,2,max,3306779802,0,3306779802,1002591575 981410446 85673271 161191773 746367431 49526897 194186842 85831567,291,39,0,0,0
1584858055002640726,2,max,3356431884,0,3356431884,1052243657 981410446 85673271 161191773 746367431 49526897 194186842 85831567,296,39,0,0,0
1584858055050726845,2,max,3402786998,0,3402786998,1098598771 981410446 85673271 161191773 746367431 49526897 194186842 85831567,301,39,0,0,0
1584858055098742950,2,max,3451058159,0,3451058159,1146869932 981410446 85673271 161191773 746367431 49526897 194186842 85831567,305,39,0,0,0
1584858055146828181,2,max,3498751056,0,3498751056,1194562829 981410446 85673271 161191773 746367431 49526897 194186842 85831567,310,39,0,0,0
1584858055194907981,2,max,3544964533,0,3544964533,1235994983 981410446 85673271 161191773 746367431 54308220 194186842 85831567,313,40,0,0,0
1584858055242942019,3,max,3563312825,0,3563312825,1249921408 985832313 85673271 161191773 746367431 54308220 194186842 85831567,315,41,0,0,0
1584858055291038260,3,max,3563312825,0,3563312825,1249921408 985832313 85673271 161191773 746367431 54308220 194186842 85831567,315,41,0,0,0
1584858055339111010,3,max,3563556923,0,3563556923,1249976090 986021729 85673271 161191773 746367431 54308220 194186842 85831567,315,41,0,0,0
1584858055387212690,3,max,3563556923,0,3563556923,1249976090 986021729 85673271 161191773 746367431 54308220 194186842 85831567,315,41,0,0,0
1584858055435329557,3,max,3564572530,0,3564572530,1250064837 986948589 85673271 161191773 746367431 54308220 194186842 85831567,315,41,0,0,0
1584858055483363259,3,max,3564720982,0,3564720982,1250064837 987097041 85673271 161191773 746367431 54308220 194186842 85831567,315,41,0,0,0
1584858055531460081,3,max,3565420539,0,3565420539,1250064837 987796598 85673271 161191773 746367431 54308220 194186842 85831567,315,41,0,0,0
1584858055579535416,3,max,3566403056,0,3566403056,1250064837 988779115 85673271 161191773 746367431 54308220 194186842 85831567,315,41,0,0,0
1584858055627637240,3,max,3567099730,0,3567099730,1250064837 989073481 85673271 161191773 746367431 54308220 194589150 85831567,315,41,0,0,0
1584858055675703009,3,max,3568738649,0,3568738649,1250064837 989073481 85673271 161191773 746367431 54308220 196228069 85831567,315,41,0,0,0
1584858055723773886,3,max,3571038626,0,3571038626,1250064837 989073481 85673271 161191773 746367431 54308220 198528046 85831567,315,41,0,0,0
1584858055771868200,3,max,3573384792,0,3573384792,1250064837 989073481 85673271 161191773 746367431 54308220 200874212 85831567,315,41,0,0,0
1584858055819974195,3,max,3577262134,0,3577262134,1250064837 989073481 85673271 161191773 746367431 54308220 204751554 85831567,316,41,0,0,0
1584858055868026657,3,max,3582100152,0,3582100152,1250383398 989073481 85673271 161191773 749285545 54308220 206352897 85831567,316,41,0,0,0
1584858055916108683,3,max,3588019694,0,3588019694,1256199220 989177201 85673271 161191773 749285545 54308220 206352897 85831567,317,41,0,0,0
1584858055964180879,3,max,3594762623,0,3594762623,1256199220 989177201 85673271 161191773 756028474 54308220 206352897 85831567,317,42,0,0,0
1584858056012236543,3,max,3604370869,0,3604370869,1261310891 989177201 85673271 161191773 760525049 54308220 206352897 85831567,317,42,0,0,0
1584858056060294153,3,max,3616883584,0,3616883584,1263801581 989177201 85673271 161191773 765354738 59351352 206502101 85831567,318,43,0,0,0
1584858056108378432,3,max,3621851786,0,3621851786,1263801581 989500259 85673271 161191773 767265679 62085555 206502101 85831567,318,43,0,0,0
1584858056156473231,3,max,3621851786,0,3621851786,1263801581 989500259 85673271 161191773 767265679 62085555 206502101 85831567,318,43,0,0,0
1584858056204552944,3,max,3635476434,0,3635476434,1263801581 989705153 85673271 161191773 772449043 70321945 206502101 85831567,318,43,0,0,0
1584858056252630074,2,max,3666645400,0,3666645400,1263801581 1004017384 85673271 161191773 772449043 87178680 206502101 85831567,321,44,0,0,0
1584858056300723386,4,max,3713254271,0,3713254271,1263801581 1021628769 85673271 161191773 772449043 87178680 208209263 113121891,325,44,0,0,0
1584858056348782278,3,max,3751549848,0,3751549848,1263801581 1033130179 85673271 161191773 772449043 87178680 208303740 139821581,329,44,0,0,0
1584858056396882148,3,max,3778313333,0,3778313333,1263801581 1039549786 93799111 170768872 772708039 87178680 208303740 142203524,331,46,0,0,0
1584858056444936823,6,max,3830515224,0,3830515224,1263801581 1041875030 93799111 170871738 773291464 129062954 213356710 144456636,335,47,0,0,0
1584858056492996882,3,max,3881025358,0,3881025358,1265069529 1046792417 93806450 171138109 773291464 171371825 213625534 145930030,340,48,0,0,0
1584858056541058235,6,max,3917112621,0,3917112621,1267532643 1069674940 94419736 176168946 774451653 173966101 213625534 147273068,342,48,0,0,0
1584858056589145593,3,max,3956886003,0,3956886003,1268738357 1096181873 97282807 184505150 774706943 174097070 213953868 147419935,346,49,0,0,0
1584858056637212755,3,max,3993543848,0,3993543848,1269258624 1111174775 97282807 203526484 774706943 174097070 214182823 149314322,347,51,0,0,0
1584858056685285216,3,max,4014730165,0,4014730165,1272827562 1111174775 97282807 211841146 774880848 180306981 215177811 151238235,348,52,0,0,0
1584858056733373122,7,max,4045403972,0,4045403972,1273158539 1114325323 98378347 225657311 782877365 184338298 215430554 151238235,350,54,0,0,0
1584858056781410813,3,max,4082407132,0,4082407132,1274911274 1114325323 98378347 225657311 790927321 185119380 241839785 151248391,353,54,0,0,0
1584858056829513614,3,max,4107406143,0,4107406143,1275348837 1118409877 101859712 226216959 801043243 190730602 241839785 151957128,354,55,0,0,0
1584858056877591104,3,max,4128092685,0,4128092685,1282870720 1121584621 105006852 231265100 801043243 192152919 242141210 152028020,355,57,0,0,0
1584858056925639059,4,max,4136563107,0,4136563107,1282870720 1122364168 112697727 231265100 801043243 192152919 242141210 152028020,355,58,0,0,0
1584858056973714107,4,max,4185588205,0,4185588205,1282870720 1122364168 112717236 231265100 801043243 192152919 242141210 201033609,359,60,0,0,0
1584858057021794006,3,max,4200623017,0,4200623017,1282870720 1122810228 115350000 231265100 801043243 193168573 242141210 211973943,359,60,0,0,0
1584858057069854741,4,max,4229673869,0,4229673869,1284045737 1123065905 116492174 253652023 803170136 193168573 243047462 213031859,362,61,0,0,0
1584858057117926927,7,max,4282157081,0,4282157081,1288719308 1125184159 119779076 288783753 803615675 195358760 243787985 216928365,366,62,0,0,0
1584858057165951740,7,max,4338710659,0,4338710659,1298315489 1136433784 124800133 293789597 805772640 205499316 248505400 225594300,367,65,0,0,0
1584858057214046346,7,max,4394649351,0,4394649351,1308495600 1148021665 132103628 296688549 813573420 208568993 254510115 232687381,369,69,0,0,0
1584858057262114343,6,max,4451117998,0,4451242626,1312522693 1158871260 137335659 306128292 816635090 218518973 263541821 237688838,370,73,0,0,0
1584858057310199761,7,max,4507364549,0,4507364549,1315599755 1166337013 139578821 309855578 832729655 221965611 276434232 244863884,372,78,0,0,0
1584858057358267930,7,max,4563505252,0,4563505252,1316395649 1177741192 146452127 319408335 845998621 225195607 277798911 254514810,373,82,0,0,0
1584858057406276715,6,max,4621036079,0,4621036079,1324313610 1187667553 152014609 331189596 850491183 233396352 283057865 258905311,375,87,0,0,0
1584858057454363392,9,max,4678805645,0,4678805645,1326868108 1208779429 155089920 334950319 855572516 237771288 293826694 265947371,376,91,0,0,0
1584858057502434394,8,max,4737921520,0,4737921520,1336638384 1222041122 157441113 344768437 863047180 237771288 301315403 274898593,377,96,0,0,0
1584858057550508257,8,max,4796471457,0,4796471457,1345924793 1234514526 159569784 348542304 873165846 241330642 311001091 282422471,379,100,0,0,0
1584858057598582715,7,max,4854952716,0,4854952716,1359248103 1242766904 162910197 357177168 878615086 244751525 322208280 287275453,381,103,0,0,0
1584858057646683105,8,max,4913928271,0,4913928271,1363781383 1246658800 173600690 363306470 894716287 254371260 323525019 293968362,382,107,0,0,0
1584858057694735722,8,max,4972249034,0,4972249034,1377243346 1253727380 180063827 365836215 905650013 256484097 330691903 302552253,383,112,0,0,0
1584858057742820467,9,max,5031214973,0,5031214973,1382869057 1256192752 189117250 371288139 919336231 262570330 344154665 305686549,385,117,0,0,0
1584858057790892951,6,max,5081872677,0,5081922683,1386597510 1259169579 192992364 376508310 923586438 272522152 347512108 323037006,386,120,0,0,0
1584858057838960691,7,max,5101839386,0,5101839386,1386658585 1260229049 195315386 377528102 927736704 279382009 347692317 327297234,387,121,0,0,0
1584858057887024077,6,max,5162473255,0,5162473255,1391474544 1266014723 201902377 382138261 935506387 291351570 357309750 336775643,389,126,0,0,0
1584858057935120483,6,max,5221646909,0,5221646909,1401466203 1274906151 203280715 391148155 936853147 297280644 367660858 349051036,390,131,0,0,0
1584858057983174230,9,max,5280453953,0,5280453953,1408045619 1294942982 207863947 397721590 938849064 302737491 371222587 359070673,391,136,0,0,0
1584858058031219077,7,max,5339599540,0,5339599540,1413287709 1297509403 227962351 405718531 946372522 310485312 372482145 365781567,392,140,0,0,0
1584858058079279862,8,max,5399047961,0,5399047961,1421530853 1300452266 233854739 409319748 954887128 316878012 391001927 371123288,393,145,0,0,0
1584858058127382482,9,max,5457913441,0,5457913441,1428293825 1305062092 239813334 414028988 964407209 327794472 398727161 380190223,394,149,0,0,0
1584858058175414906,9,max,5517151400,0,5517151400,1446696392 1308725710 247363773 419677771 965574020 334747265 406783912 387582557,397,154,0,0,0
1584858058223522404,2,max,5551717992,0,5551717992,1451618396 1313604809 257586581 423978295 968507347 335885318 410576510 389960736,398,157,0,0,0
1584858058271609944,2,max,5551717992,0,5551717992,1451618396 1313604809 257586581 423978295 968507347 335885318 410576510 389960736,398,157,0,0,0
1584858058319712756,2,max,5551717992,0,5551717992,1451618396 1313604809 257586581 423978295 968507347 335885318 410576510 389960736,398,157,0,0,0
1584858058367804188,2,max,5551717992,0,5551717992,1451618396 1313604809 257586581 423978295 968507347 335885318 410576510 389960736,398,157,0,0,0
1584858058415849905,2,max,5551717992,0,5551717992,1451618396 1313604809 257586581 423978295 968507347 335885318 410576510 389960736,398,157,0,0,0
1584858058463917492,2,max,5551717992,0,5551717992,1451618396 1313604809 257586581 423978295 968507347 335885318 410576510 389960736,398,157,0,0,0
1584858058512014281,2,max,5551717992,0,5551717992,1451618396 1313604809 257586581 423978295 968507347 335885318 410576510 389960736,398,157,0,0,0
1584858058560082999,2,max,5551717992,0,5551717992,1451618396 1313604809 257586581 423978295 968507347 335885318 410576510 389960736,398,157,0,0,0
1584858058608177749,2,max,5551717992,0,5551717992,1451618396 1313604809 257586581 423978295 968507347 335885318 410576510 389960736,398,157,0,0,0
1584858058656246080,2,max,5551717992,0,5551717992,1451618396 1313604809 257586581 423978295 968507347 335885318 410576510 389960736,398,157,0,0,0
1584858058704338800,2,max,5551717992,0,5551717992,1451618396 1313604809 257586581 423978295 968507347 335885318 410576510 389960736,398,157,0,0,0
1584858058752440983,2,max,5551717992,0,5551717992,1451618396 1313604809 257586581 423978295 968507347 335885318 410576510 389960736,398,157,0,0,0
1584858058800512714,2,max,5551717992,0,5551717992,1451618396 1313604809 257586581 423978295 968507347 335885318 410576510 389960736,398,157,0,0,0
1584858058848587618,2,max,5551717992,0,5551717992,1451618396 1313604809 257586581 423978295 968507347 335885318 410576510 389960736,398,157,0,0,0
1584858058896653191,2,max,5551717992,0,5551717992,1451618396 1313604809 257586581 423978295 968507347 335885318 410576510 389960736,398,157,0,0,0
1584858058944750791,2,max,5551717992,0,5551717992,1451618396 1313604809 257586581 423978295 968507347 335885318 410576510 389960736,398,157,0,0,0
1584858058992810994,2,max,5551717992,0,5551717992,1451618396 1313604809 257586581 423978295 968507347 335885318 410576510 389960736,398,157,0,0,0
1584858059040861231,2,max,5551717992,0,5551717992,1451618396 1313604809 257586581 423978295 968507347 335885318 410576510 389960736,398,157,0,0,0
1584858059088940653,2,max,5551717992,0,5551717992,1451618396 1313604809 257586581 423978295 968507347 335885318 410576510 389960736,398,157,0,0,0
1584858059137000389,2,max,5551717992,0,5551717992,1451618396 1313604809 257586581 423978295 968507347 335885318 410576510 389960736,398,157,0,0,0
1584858059185093503,2,max,5551717992,0,5551717992,1451618396 1313604809 257586581 423978295 968507347 335885318 410576510 389960736,398,157,0,0,0
1584858059233132463,2,max,5551717992,0,5551717992,1451618396 1313604809 257586581 423978295 968507347 335885318 410576510 389960736,398,157,0,0,0
1584858059281198123,2,max,5551717992,0,5551717992,1451618396 1313604809 257586581 423978295 968507347 335885318 410576510 389960736,398,157,0,0,0
1584858059329303089,2,max,5551717992,0,5551717992,1451618396 1313604809 257586581 423978295 968507347 335885318 410576510 389960736,398,157,0,0,0
1584858059377376625,2,max,5551717992,0,5551717992,1451618396 1313604809 257586581 423978295 968507347 335885318 410576510 389960736,398,157,0,0,0
1584858059425419980,2,max,5551717992,0,5551717992,1451618396 1313604809 257586581 423978295 968507347 335885318 410576510 389960736,398,157,0,0,0
1584858059473549281,2,max,5551717992,0,5551717992,1451618396 1313604809 257586581 423978295 968507347 335885318 410576510 389960736,398,157,0,0,0
1584858059521633297,2,max,5551717992,0,5551717992,1451618396 1313604809 257586581 423978295 968507347 335885318 410576510 389960736,398,157,0,0,0
1584858059569708284,2,max,5551717992,0,5551717992,1451618396 1313604809 257586581 423978295 968507347 335885318 410576510 389960736,398,157,0,0,0
1584858059617770572,2,max,5551717992,0,5551717992,1451618396 1313604809 257586581 423978295 968507347 335885318 410576510 389960736,398,157,0,0,0
1584858059665891142,2,max,5551717992,0,5551717992,1451618396 1313604809 257586581 423978295 968507347 335885318 410576510 389960736,398,157,0,0,0
1584858059713959465,2,max,5551717992,0,5551717992,1451618396 1313604809 257586581 423978295 968507347 335885318 410576510 389960736,398,157,0,0,0
1584858059762047874,2,max,5551717992,0,5551717992,1451618396 1313604809 257586581 423978295 968507347 335885318 410576510 389960736,398,157,0,0,0
1584858059810124772,2,max,5551717992,0,5551717992,1451618396 1313604809 257586581 423978295 968507347 335885318 410576510 389960736,398,157,0,0,0
1584858059858185882,2,max,5551717992,0,5551717992,1451618396 1313604809 257586581 423978295 968507347 335885318 410576510 389960736,398,157,0,0,0
1584858059906271997,2,max,5551717992,0,5551717992,1451618396 1313604809 257586581 423978295 968507347 335885318 410576510 389960736,398,157,0,0,0
1584858059954332462,2,max,5551717992,0,5551717992,1451618396 1313604809 257586581 423978295 968507347 335885318 410576510 389960736,398,157,0,0,0
1584858060002389886,2,max,5551717992,0,5551717992,1451618396 1313604809 257586581 423978295 968507347 335885318 410576510 389960736,398,157,0,0,0
1584858060050470872,2,max,5551717992,0,5551717992,1451618396 1313604809 257586581 423978295 968507347 335885318 410576510 389960736,398,157,0,0,0
1584858060098562488,2,max,5551717992,0,5551717992,1451618396 1313604809 257586581 423978295 968507347 335885318 410576510 389960736,398,157,0,0,0
1584858060146693996,2,max,5551717992,0,5551717992,1451618396 1313604809 257586581 423978295 968507347 335885318 410576510 389960736,398,157,0,0,0
1584858060194772864,2,max,5551717992,0,5551717992,1451618396 1313604809 257586581 423978295 968507347 335885318 410576510 389960736,398,157,0,0,0
1584858060242807861,2,max,5578599701,0,5578599701,1451618396 1313604809 257586581 450057090 969067037 336128542 410576510 389960736,398,160,0,0,0
1584858060290867292,2,max,5624880944,0,5624880944,1451618396 1313604809 257586581 496338333 969067037 336128542 410576510 389960736,400,163,0,0,0
1584858060338928452,2,max,5671269149,0,5671269149,1451618396 1313604809 257586581 542726538 969067037 336128542 410576510 389960736,400,167,0,0,0
1584858060387025115,2,max,5720946406,0,5720946406,1451618396 1313604809 257586581 592403795 969067037 336128542 410576510 389960736,402,170,0,0,0
1584858060435056181,2,max,5767262374,0,5767262374,1451618396 1313604809 257586581 638719763 969067037 336128542 410576510 389960736,404,172,0,0,0
1584858060483116031,2,max,5816931386,0,5816931386,1451618396 1313604809 257586581 688388775 969067037 336128542 410576510 389960736,406,176,0,0,0
1584858060531135937,2,max,5863283919,0,5863283919,1451618396 1313604809 257586581 734741308 969067037 336128542 410576510 389960736,408,179,0,0,0
1584858060579213338,2,max,5898152524,0,5898152524,1451752298 1313604809 257586581 768504728 969067037 336128542 411135288 390373241,408,182,0,0,0
1584858060627319730,2,max,5898152524,0,5898152524,1451752298 1313604809 257586581 768504728 969067037 336128542 411135288 390373241,408,182,0,0,0
1584858060675408057,2,max,5898152524,0,5898152524,1451752298 1313604809 257586581 768504728 969067037 336128542 411135288 390373241,408,182,0,0,0
1584858060723474895,2,max,5898152524,0,5898152524,1451752298 1313604809 257586581 768504728 969067037 336128542 411135288 390373241,408,182,0,0,0
1584858060771577120,2,max,5898152524,0,5898152524,1451752298 1313604809 257586581 768504728 969067037 336128542 411135288 390373241,408,182,0,0,0
1584858060819646568,2,max,5898152524,0,5898152524,1451752298 1313604809 257586581 768504728 969067037 336128542 411135288 390373241,408,182,0,0,0
1584858060867707994,2,max,5898152524,0,5898152524,1451752298 1313604809 257586581 768504728 969067037 336128542 411135288 390373241,408,182,0,0,0
1584858060915823170,2,max,5898152524,0,5898152524,1451752298 1313604809 257586581 768504728 969067037 336128542 411135288 390373241,408,182,0,0,0
1584858060963936943,2,max,5898152524,0,5898152524,1451752298 1313604809 257586581 768504728 969067037 336128542 411135288 390373241,408,182,0,0,0
1584858061012033102,2,max,5898152524,0,5898152524,1451752298 1313604809 257586581 768504728 969067037 336128542 411135288 390373241,408,182,0,0,0
1584858061060112133,2,max,5898152524,0,5898152524,1451752298 1313604809 257586581 768504728 969067037 336128542 411135288 390373241,408,182,0,0,0
1584858061108218646,2,max,5898152524,0,5898152524,1451752298 1313604809 257586581 768504728 969067037 336128542 411135288 390373241,408,182,0,0,0
1584858061156313780,2,max,5898152524,0,5898152524,1451752298 1313604809 257586581 768504728 969067037 336128542 411135288 390373241,408,182,0,0,0
1584858061204392913,2,max,5898152524,0,5898152524,1451752298 1313604809 257586581 768504728 969067037 336128542 411135288 390373241,408,182,0,0,0
1584858061252460222,2,max,5898152524,0,5898152524,1451752298 1313604809 257586581 768504728 969067037 336128542 411135288 390373241,408,182,0,0,0
1584858061300512026,2,max,5898152524,0,5898152524,1451752298 1313604809 257586581 768504728 969067037 336128542 411135288 390373241,408,182,0,0,0
1584858061348625939,2,max,5898152524,0,5898152524,1451752298 1313604809 257586581 768504728 969067037 336128542 411135288 390373241,408,182,0,0,0
1584858061396688242,2,max,5898152524,0,5898152524,1451752298 1313604809 257586581 768504728 969067037 336128542 411135288 390373241,408,182,0,0,0
1584858061444764804,2,max,5898152524,0,5898152524,1451752298 1313604809 257586581 768504728 969067037 336128542 411135288 390373241,408,182,0,0,0
1584858061492834169,2,max,5898152524,0,5898152524,1451752298 1313604809 257586581 768504728 969067037 336128542 411135288 390373241,408,182,0,0,0
1584858061540970429,2,max,5898152524,0,5898152524,1451752298 1313604809 257586581 768504728 969067037 336128542 411135288 390373241,408,182,0,0,0
1584858061589044209,2,max,5898152524,0,5898152524,1451752298 1313604809 257586581 768504728 969067037 336128542 411135288 390373241,408,182,0,0,0
1584858061637093360,2,max,5898152524,0,5898152524,1451752298 1313604809 257586581 768504728 969067037 336128542 411135288 390373241,408,182,0,0,0
1584858061685164057,2,max,5898152524,0,5898152524,1451752298 1313604809 257586581 768504728 969067037 336128542 411135288 390373241,408,182,0,0,0
1584858061733235439,2,max,5898152524,0,5898152524,1451752298 1313604809 257586581 768504728 969067037 336128542 411135288 390373241,408,182,0,0,0
1584858061781294942,2,max,5898152524,0,5898152524,1451752298 1313604809 257586581 768504728 969067037 336128542 411135288 390373241,408,182,0,0,0
1584858061829362563,2,max,5898152524,0,5898152524,1451752298 1313604809 257586581 768504728 969067037 336128542 411135288 390373241,408,182,0,0,0
1584858061877459005,2,max,5898152524,0,5898152524,1451752298 1313604809 257586581 768504728 969067037 336128542 411135288 390373241,408,182,0,0,0
1584858061925526816,2,max,5898152524,0,5898152524,1451752298 1313604809 257586581 768504728 969067037 336128542 411135288 390373241,408,182,0,0,0
1584858061973586909,2,max,5898152524,0,5898152524,1451752298 1313604809 257586581 768504728 969067037 336128542 411135288 390373241,408,182,0,0,0
1584858062021680327,2,max,5898152524,0,5898152524,1451752298 1313604809 257586581 768504728 969067037 336128542 411135288 390373241,408,182,0,0,0
1584858062069750686,2,max,5898152524,0,5898152524,1451752298 1313604809 257586581 768504728 969067037 336128542 411135288 390373241,408,182,0,0,0
1584858062117846195,2,max,5898152524,0,5898152524,1451752298 1313604809 257586581 768504728 969067037 336128542 411135288 390373241,408,182,0,0,0
1584858062165966944,2,max,5898152524,0,5898152524,1451752298 1313604809 257586581 768504728 969067037 336128542 411135288 390373241,408,182,0,0,0
1584858062214041345,2,max,5898152524,0,5898152524,1451752298 1313604809 257586581 768504728 969067037 336128542 411135288 390373241,408,182,0,0,0
1584858062262128011,2,max,5898152524,0,5898152524,1451752298 1313604809 257586581 768504728 969067037 336128542 411135288 390373241,408,182,0,0,0
1584858062310187673,2,max,5898152524,0,5898152524,1451752298 1313604809 257586581 768504728 969067037 336128542 411135288 390373241,408,182,0,0,0
1584858062358252487,2,max,5898152524,0,5898152524,1451752298 1313604809 257586581 768504728 969067037 336128542 411135288 390373241,408,182,0,0,0
1584858062406318998,2,max,5898152524,0,5898152524,1451752298 1313604809 257586581 768504728 969067037 336128542 411135288 390373241,408,182,0,0,0
1584858062454427007,2,max,5898152524,0,5898152524,1451752298 1313604809 257586581 768504728 969067037 336128542 411135288 390373241,408,182,0,0,0
1584858062502483767,2,max,5898152524,0,5898152524,1451752298 1313604809 257586581 768504728 969067037 336128542 411135288 390373241,408,182,0,0,0
1584858062550542438,2,max,5898152524,0,5898152524,1451752298 1313604809 257586581 768504728 969067037 336128542 411135288 390373241,408,182,0,0,0
1584858062599439856,18,max,6018854006,0,6018854006,1462049789 1341766796 266992904 787576380 997040776 337791643 433508957 392126761,420,183,0,0,0
1584858062647596142,18,max,6357555561,0,6357555561,1496660753 1388098375 310808250 830032645 1043466187 378038438 480837208 429613705,445,189,0,0,0
1584858062695661336,18,max,6675567931,0,6675623882,1535457792 1434054956 361890550 852841891 1086851170 421344975 518934525 464248023,467,198,0,0,0
1584858062743726276,18,max,7023172740,0,7023172740,1575172831 1483967889 453487830 865976945 1136272813 468495931 540054096 499744405,491,211,0,0,0
1584858062791791648,18,max,7319417320,0,7319417320,1614599095 1524081477 526657249 880238972 1169982881 514138416 569616588 520137616,513,219,0,0,0
1584858062842629260,18,max,7670233022,0,7670233022,1643880898 1572594072 577154866 933077527 1221637832 562326126 621943957 537617744,540,227,0,0,0
1584858062890698840,18,max,7954648593,0,7954648593,1644937222 1609896399 626295929 979345721 1267734178 605226236 668221466 553010184,561,235,0,0,0
1584858062938769133,18,max,8244218103,0,8244218103,1671670198 1649671747 678137835 1023794134 1294472906 649354820 714364357 562773956,584,241,0,0,0
1584858062986835392,18,max,8543256125,0,8543256125,1717225128 1687399820 732197601 1053089157 1308179923 694298588 763847253 587018655,608,249,0,0,0
1584858063034909950,18,max,8878282483,0,8878282483,1759895498 1729491464 810037582 1099131397 1323714958 740011834 801097892 614901858,632,258,0,0,0
1584858063085957238,18,max,9206840721,0,9206850224,1782150981 1782260114 864304641 1149943581 1364041811 789955155 817140777 657053164,651,274,0,0,0
1584858063135953522,18,max,9544399137,0,9544410832,1815207799 1813926103 913369594 1198535752 1413763899 839781400 845458015 704374018,677,283,0,0,0
1584858063185750562,18,max,9883487379,0,9883522120,1843536585 1854281198 966272942 1243281863 1460147169 889405901 877449796 749152731,700,294,0,0,0
1584858063235952535,18,max,10248733606,0,10248733606,1865778065 1904364583 1017646411 1295755627 1512248692 938301281 915141088 799497859,729,303,0,0,0
1584858063285956085,18,max,10610965525,0,10610965525,1902262038 1952299103 1055307959 1345334522 1561471752 988033954 958417151 847839046,754,314,0,0,0
1584858063335968518,18,max,10965910878,0,10965918914,1943240317 1999769473 1106176652 1394862337 1611191375 1037591882 977794109 895296027,777,327,0,0,0
1584858063385962359,18,max,11330556950,0,11330579560,1980811796 2047426999 1159414636 1444460774 1659994322 1087273958 1007273671 943923404,799,342,0,0,0
1584858063435957956,18,max,11687457487,0,11687457487,2015249469 2094568803 1212732778 1493965447 1705792805 1136665318 1036014733 992490449,818,359,0,0,0
1584858063485958984,18,max,12040672905,0,12040693330,2054623121 2134558990 1266151072 1543508161 1750282858 1186371907 1064001558 1041200409,838,376,0,0,0
1584858063534025072,18,max,12388851827,0,12388851827,2074754610 2180244682 1345845513 1589698812 1789563783 1234101674 1089405915 1085236838,857,392,0,0,0
1584858063582093726,18,max,12724969167,0,12724969167,2105028480 2226820206 1409507260 1635572009 1825459233 1279893788 1117474645 1125213546,875,408,0,0,0
1584858063630164607,18,max,13082117809,0,13082117809,2143100829 2276146868 1472478164 1685208594 1865222000 1327624029 1143457772 1168879553,896,422,0,0,0
1584858063678231776,18,max,13423222380,0,13423229943,2168978681 2322721414 1550934924 1733578814 1899124543 1373930702 1165118535 1208842330,915,436,0,0,0
1584858063726296900,18,max,13776783232,0,13776811362,2200126981 2372432604 1626903286 1781072277 1933828895 1421656940 1187956176 1252834203,937,449,0,0,0
1584858063774362635,18,max,14122068459,0,14122093345,2233960655 2418814504 1701192730 1827501279 1963364993 1469389647 1213037382 1294832155,961,458,0,0,0
1584858063822435766,18,max,14470280533,0,14470287140,2256891879 2465293326 1780918222 1873673045 1989865817 1517241777 1247282468 1339120606,984,468,0,0,0
1584858063870507236,18,max,14818930000,0,14818930000,2278116432 2515083455 1842498971 1923149534 2022643779 1564994593 1292198614 1380244622,1009,478,0,0,0
1584858063918574454,18,max,15141905455,0,15141906799,2310497431 2561644619 1872022398 1969470026 2068395628 1611353942 1327423893 1421098862,1028,491,0,0,0
1584858063966644569,18,max,15500125358,0,15500125358,2348584943 2611546686 1901638688 2019047083 2117696017 1659094774 1377085304 1465431863,1051,503,0,0,0
1584858064014715573,18,max,15841472090,0,15841472090,2383732434 2658109976 1943001261 2065459983 2155278292 1706922804 1423660687 1505306653,1074,513,0,0,0
1584858064062783386,18,max,16199825242,0,16199825242,2422744411 2707924568 1995602641 2113675425 2185509439 1754654187 1471839940 1547884128,1098,526,0,0,0
1584858064110848517,18,max,16549896340,0,16549896340,2438757499 2753866961 2070695088 2159969328 2215369832 1802404754 1516222340 1592610538,1119,538,0,0,0
1584858064158919819,18,max,16896992277,0,16896992277,2448014822 2800417958 2152985364 2204068626 2244437745 1850179138 1557769766 1639118858,1141,550,0,0,0
1584858064206979037,18,max,17250175600,0,17250175600,2456890309 2849191461 2234094147 2253238745 2273428498 1893639207 1602102263 1687590970,1167,561,0,0,0
1584858064255044989,18,max,17567769573,0,17567779218,2465521976 2895553968 2315134359 2299449015 2302069982 1909186365 1646787410 1734076143,1189,570,0,0,0
1584858064303111438,18,max,17928917414,0,17928935077,2474598428 2945442710 2397017976 2348579403 2331161227 1956927035 1691504710 1783703588,1213,582,0,0,0
1584858064351175198,18,max,18270784861,0,18270784861,2506110863 2991987439 2454319268 2394245725 2355978095 2002293789 1736266206 1829583476,1236,594,0,0,0
1584858064399247109,18,max,18610221496,0,18624649998,2542753258 3041874780 2511617466 2443854655 2384215671 2049973512 1770951929 1879408727,1259,606,0,0,0
1584858064447314693,18,max,18974936111,0,18974936111,2580774130 3088317014 2568550065 2490097514 2411498604 2097219985 1812677314 1925801485,1284,616,0,0,0
1584858064495382971,18,max,19324187549,0,19324187549,2620827235 3135686022 2622685469 2538469072 2438940154 2139917751 1855385515 1972276331,1309,625,0,0,0
1584858064543446703,18,max,19680874237,0,19680890788,2662735554 3184625230 2650824609 2585889387 2483155910 2187447749 1904258275 2021954074,1334,637,0,0,0
1584858064591512083,18,max,20031184056,0,20031191004,2702823331 3230998592 2681997644 2631939020 2529695511 2233028032 1952258707 2068450167,1355,650,0,0,0
1584858064639580088,18,max,20397931238,0,20397931238,2745329629 3280751794 2712030187 2681340754 2579596400 2280556196 2000059723 2118266555,1380,662,0,0,0
1584858064687647555,18,max,20746249544,0,20746251908,2786230930 3327311861 2743330301 2726634177 2626342700 2328076271 2043592195 2164733473,1404,673,0,0,0
1584858064735715111,18,max,21095463351,0,21095463351,2825032555 3373892164 2775040265 2771921589 2672695210 2375752229 2089897637 2211231702,1427,684,0,0,0
1584858064783846801,18,max,21460156349,0,21460156349,2864731987 3423781280 2806998102 2817317643 2723782877 2423185169 2139342339 2261016952,1453,695,0,0,0
1584858064831914620,18,max,21807747944,0,21807747944,2902842857 3470237961 2837232555 2862618049 2768959278 2470734031 2187309543 2307813670,1476,705,0,0,0
1584858064879981644,18,max,22170680049,0,22170680049,2944805421 3520139915 2868784541 2907742775 2818854859 2518298229 2235256736 2356806624,1503,716,0,0,0
1584858064928050345,18,max,22505647046,0,22505647046,2985079131 3566624011 2895574701 2953186323 2865175075 2564397012 2272309788 2403313411,1526,726,0,0,0
1584858064976117194,18,max,22871815548,0,22871815548,3026772050 3616525996 2927911977 2998372202 2915023159 2612052812 2321996377 2453160975,1551,736,0,0,0
1584858065024183386,18,max,23224804809,0,23224804809,3070300443 3663123639 2958248214 3043800248 2961603446 2659653992 2368384864 2499689963,1574,747,0,0,0
1584858065072250171,18,max,23573913384,0,23573916160,3111211440 3709612486 2987413467 3089327251 3008195659 2707426070 2414448536 2546281251,1600,757,0,0,0
1584858065120316879,18,max,23939712197,0,23939712197,3155736015 3759522454 3017257720 3133935511 3058103646 2755012677 2463978696 2596171359,1627,768,0,0,0
1584858065168387256,18,max,24283977053,0,24283977053,3194309599 3806094600 3049317373 3178959955 3103905367 2802598509 2506071331 2642727817,1652,778,0,0,0
1584858065216450838,18,max,24636358732,0,24636361232,3236094124 3855005065 3080989200 3224053221 3152422697 2847291184 2550487665 2690018076,1678,789,0,0,0
1584858065264520402,18,max,24987609449,0,24987609449,3274290355 3901494552 3114968460 3269429558 3199020632 2894867149 2596978908 2736559835,1700,802,0,0,0
1584858065312585759,18,max,25350526137,0,25350526137,3317776802 3951393275 3142458866 3314992422 3248907307 2942459783 2646587124 2785950558,1725,814,0,0,0
1584858065360652299,18,max,25700232665,0,25700382932,3356971025 3997981954 3174527249 3360495775 3295497951 2990095899 2693127021 2831686058,1750,824,0,0,0
1584858065408718001,18,max,26054252591,0,26054252591,3398913826 4044541646 3208436963 3404973586 3342084352 3037682394 2739462003 2878157821,1773,837,0,0,0
1584858065456783391,18,max,26421569050,0,26421571780,3443621399 4094348314 3238353957 3450412876 3391869621 3085016854 2790034823 2927913936,1797,850,0,0,0
1584858065504849068,18,max,26770642797,0,26770642797,3482966007 4140919594 3271034737 3495786133 3438445737 3131287262 2835835997 2974367330,1823,858,0,0,0
1584858065552915499,18,max,27141337366,0,27141337366,3525966289 4190823428 3306168702 3541308948 3488352142 3179007770 2885546240 3024166306,1852,867,0,0,0
1584858065600983572,18,max,27487903416,0,27487926076,3567454376 4237151165 3334968924 3586305474 3534958905 3224524747 2931887225 3070675260,1878,877,0,0,0
1584858065649049520,18,max,27842458273,0,27842458273,3608540354 4283621934 3369361549 3631756498 3581549714 3272030066 2978398208 3117214926,1904,886,0,0,0
1584858065697114832,18,max,28210453871,0,28210459978,3652029787 4316622827 3432928337 3677256783 3631477245 3304790928 3028269570 3167084501,1929,898,0,0,0
1584858065745180683,18,max,28561585074,0,28561585074,3691096672 4363244450 3467786184 3722651718 3678095428 3350260888 3074878950 3213570784,1957,905,0,0,0
1584858065793247328,18,max,28930781168,0,28930781168,3732570949 4413185338 3502819340 3767953504 3728006338 3398083661 3124723913 3263444848,1985,912,0,0,0
1584858065841319543,18,max,29287451278,0,29287458611,3774725465 4459691647 3536976880 3813409869 3775125025 3445810291 3171848973 3309870461,2011,922,0,0,0
1584858065889383589,18,max,29656231368,0,29656366058,3817052257 4509621869 3572186372 3858497198 3824550763 3493514912 3221169405 3359773282,2039,933,0,0,0
1584858065937447938,18,max,30011797220,0,30011797220,3857138005 4556219704 3607649187 3903685235 3871584234 3541289809 3267696889 3406539861,2066,942,0,0,0
1584858065985518144,18,max,30365955819,0,30365983994,3897194145 4602826518 3653471636 3949068813 3917639060 3589048576 3303887780 3452878931,2091,951,0,0,0
1584858066033587186,18,max,30730536383,0,30730536383,3940189374 4652630571 3710521604 3994361453 3967565532 3636907634 3325558557 3502801658,2117,963,0,0,0
1584858066081658752,18,max,31082566251,0,31082566251,3980605592 4698630220 3742247775 4039332603 4014153228 3684624738 3373583390 3549388705,2139,977,0,0,0
1584858066129722938,18,max,31445710326,0,31445730388,4021419291 4748516119 3774007200 4084642793 4064021701 3732391915 3421552000 3599179369,2161,991,0,0,0
1584858066177796176,18,max,31791277201,0,31791277201,4060040245 4795059131 3808914565 4129281030 4109584830 3778893104 3463884151 3645620145,2184,1003,0,0,0
1584858066225860842,18,max,32133676573,0,32133676573,4099431552 4840850796 3837560394 4174464413 4154049252 3826102461 3510444502 3690773203,2207,1014,0,0,0
1584858066273927146,18,max,32504232797,0,32504232797,4144461907 4890697836 3870526357 4219838509 4203864793 3874038585 3560345209 3740459601,2232,1026,0,0,0
1584858066322001027,18,max,32855722223,0,32855722223,4181613866 4937281379 3905868505 4265146022 4250231372 3921932756 3606901489 3786761294,2256,1036,0,0,0
1584858066370064936,18,max,33219606204,0,33219606204,4223133665 4987190718 3937063638 4310444200 4300065242 3969838784 3656629094 3835240863,2278,1052,0,0,0
1584858066418161238,18,max,33569802829,0,33569802829,4261638621 5033714034 3969821834 4355714202 4346995642 4017729493 3702767395 3881427334,2302,1062,0,0,0
1584858066466230237,18,max,33934062688,0,33934062688,4306302724 5082720998 3998722480 4400753349 4395978173 4065627879 3752663329 3931293756,2326,1075,0,0,0
1584858066514301229,18,max,34280525495,0,34280525495,4347373128 5129274087 4027344685 4445944601 4442422841 4112028797 3798399935 3977737421,2348,1088,0,0,0
1584858066562382182,18,max,34629342264,0,34629342264,4390641606 5175822926 4054730772 4491187213 4488033254 4159902549 3844863335 4024160609,2372,1098,0,0,0
1584858066610447979,18,max,34992713158,0,34992713158,4431144284 5225530031 4086247263 4536236173 4537919802 4207117220 3894511730 4074016274,2393,1114,0,0,0
1584858066658519178,18,max,35334886436,0,35334886436,4465523584 5271910509 4115899115 4580751269 4584455091 4254904169 3940927664 4120515035,2417,1124,0,0,0
1584858066706583485,18,max,35690405258,0,35690405258,4502292578 5321779974 4143142441 4630354862 4634306134 4302787065 3985446193 4170296011,2442,1135,0,0,0
1584858066754653233,18,max,36007742842,0,36007742842,4548015547 5368368863 4160304213 4676637071 4680870881 4349434239 4007269057 4216842971,2463,1146,0,0,0
1584858066802718458,18,max,36365853438,0,36365863877,4597112207 5418236052 4202599094 4726251382 4730736358 4396027746 4028737161 4266197457,2486,1159,0,0,0
1584858066850788687,18,max,36700994938,0,36701025434,4642077249 5464667770 4247392536 4772561829 4777286630 4434082401 4050375874 4312581145,2508,1170,0,0,0
1584858066898856457,18,max,37046537808,0,37046537808,4688080803 5511251568 4292421220 4818913891 4823700633 4481917470 4071111948 4359140275,2527,1184,0,0,0
1584858066946924037,18,max,37411654295,0,37411654295,4737371065 5561172505 4341924214 4868528493 4874049310 4529834560 4089875527 4408904754,2550,1198,0,0,0
1584858066994990335,18,max,37758145540,0,37758155953,4783193639 5607745701 4391325815 4914419081 4919678429 4577728992 4108799400 4455264896,2574,1209,0,0,0
1584858067043057551,18,max,38127410192,0,38127410192,4832503044 5657535900 4441739329 4964187041 4969375304 4625623510 4131320874 4505125190,2600,1219,0,0,0
1584858067091125853,18,max,38483696020,0,38483696020,4880383655 5704109103 4492687501 5010049164 5015871936 4673535777 4155379653 4551679231,2621,1233,0,0,0
1584858067139194822,18,max,38831710340,0,38831710340,4924619981 5750690332 4541746235 5056377738 5062265026 4721440078 4176338078 4598232872,2644,1245,0,0,0
1584858067187263769,18,max,39194469848,0,39194502724,4973791865 5800576966 4587906853 5105130664 5111932846 4769251060 4197345146 4648574851,2668,1257,0,0,0
1584858067235331377,18,max,39538336897,0,39538357764,5017774337 5846075242 4637258359 5151224309 5155344899 4816803769 4221108210 4692768639,2692,1267,0,0,0
1584858067283402790,18,max,39906034054,0,39906040527,5067035653 5895954940 4687208342 5200888460 5205014640 4864631123 4243030858 4742276511,2719,1278,0,0,0
1584858067331473668,18,max,40258649044,0,40258649044,5112293237 5942530925 4737828068 5247245188 5251494552 4912543652 4266253105 4788470429,2743,1289,0,0,0
1584858067379543199,18,max,40626400192,0,40626400192,5160876017 5992429337 4787659865 5296882952 5301221470 4960426184 4288673229 4838261792,2771,1298,0,0,0
1584858067427616382,18,max,40980147814,0,40980147814,5206723123 6039357818 4837874321 5343208883 5347562250 5008275530 4312377490 4884781728,2792,1310,0,0,0
1584858067475685920,18,max,41332045542,0,41332045542,5254691073 6085444617 4876255168 5389570726 5393930077 5056145626 4344720920 4931287335,2813,1325,0,0,0
1584858067523756911,18,max,41693152822,0,41693175441,5301040570 6135345190 4907758042 5439289030 5443751977 5104055562 4380859133 4981075937,2835,1339,0,0,0
1584858067571824821,18,max,42037807064,0,42037807064,5344388660 6181937375 4939021638 5485704894 5490332288 5151974092 4416808695 5027645971,2857,1352,0,0,0
1584858067619888622,18,max,42402813344,0,42402813344,5393564906 6231641213 4968632069 5534989385 5540253933 5199914505 4456247925 5077569408,2881,1365,0,0,0
1584858067667961379,18,max,42753006446,0,42753006446,5439319984 6278074575 4993897459 5581378289 5586821322 5246234978 4503193573 5124086266,2906,1375,0,0,0
1584858067716025449,18,max,43121072845,0,43121072845,5488359091 6327966351 5017331161 5630996682 5636711894 5294134514 4551725061 5173848091,2931,1387,0,0,0
1584858067764093693,18,max,43471921977,0,43471930392,5533755661 6374527625 5042892395 5677313607 5683262998 5342019979 4597767067 5220391060,2955,1398,0,0,0
1584858067812162525,18,max,43822320422,0,43822320422,5580284228 6421074481 5078512628 5723626648 5729827732 5389847401 4632292765 5266854539,2977,1410,0,0,0
1584858067860230442,18,max,44180328183,0,44180328183,5623846699 6469804137 5124834093 5771610753 5779579744 5437715962 4656460123 5316476672,2998,1426,0,0,0
1584858067908298738,18,max,44518393356,0,44518424545,5668064647 6516362049 5161637920 5818136465 5825915139 5485607750 4688592367 5354108208,3017,1439,0,0,0
1584858067956365562,18,max,44888294237,0,44888294237,5716241560 6566304414 5189571461 5868029873 5875527566 5533531962 4735386445 5403700956,3043,1450,0,0,0
1584858068004437810,18,max,45241794738,0,45241794738,5762041876 6598680015 5229829174 5914605484 5923321822 5581457474 4781695698 5450181068,3064,1463,0,0,0
1584858068052503262,18,max,45592248154,0,45592273905,5807818586 6628045012 5272768231 5961198514 5968465122 5629343822 4827937714 5496696904,3083,1478,0,0,0
1584858068100574695,18,max,45958595007,0,45958622681,5856945883 6657299471 5314559456 6010151759 6018203388 5677226613 4877725515 5546510596,3107,1491,0,0,0
1584858068148643094,18,max,46302743650,0,46302778193,5902654166 6685109539 5357037670 6055964213 6064494168 5723291339 4921150385 5593084100,3127,1505,0,0,0
1584858068196716407,18,max,46661018123,0,46661018123,5951610553 6715469169 5389558390 6105781806 6113765365 5771111701 4970826778 5642916110,3150,1519,0,0,0
1584858068244785167,18,max,46990787850,0,46990810593,5996427165 6734625419 5424316553 6152140835 6159090722 5818693383 5017289793 5688226723,3172,1530,0,0,0
1584858068292851718,18,max,47360167377,0,47360167377,6045385032 6777572987 5454834296 6202038267 6208789838 5866564254 5067088187 5737894516,3197,1540,0,0,0
1584858068340919202,18,max,47709232802,0,47709235470,6091655984 6815022712 5485958477 6248432232 6256302448 5914453770 5113435648 5783974199,3218,1554,0,0,0
1584858068388985558,18,max,48058887855,0,48058893461,6134701542 6856344625 5517312366 6296915357 6301115644 5962328549 5159663407 5830511971,3239,1567,0,0,0
1584858068437055204,18,max,48424511483,0,48424511483,6176629131 6905821517 5546515916 6344816845 6350683932 6010195508 5209463089 5880385545,3263,1580,0,0,0
1584858068485128367,18,max,48774245951,0,48774245951,6216436531 6952126673 5576322661 6391348046 6397157786 6058122948 5255798379 5926932927,3288,1589,0,0,0
1584858068533198177,18,max,49144571784,0,49144571784,6259036039 7001614209 5607570460 6441251153 6446837263 6105996421 5305476114 5976790125,3314,1600,0,0,0
1584858068581269113,18,max,49486205863,0,49486208356,6302460626 7041209868 5636560232 6487729225 6490472926 6152770876 5351755716 6023248887,3337,1611,0,0,0
1584858068629297930,18,max,49858531582,0,49858531582,6352008882 7083758476 5670568690 6537074805 6540033091 6200607508 5401378261 6073103141,3365,1619,0,0,0
1584858068677364887,18,max,50213826741,0,50213826741,6398210410 7125141352 5704866002 6583638586 6586251117 6248329618 5447857097 6119539728,3390,1628,0,0,0
1584858068725438076,18,max,50564411935,0,50564411935,6444560600 7164885032 5736159533 6630076047 6632687391 6296201982 5494178328 6165663022,3414,1639,0,0,0
1584858068773502632,18,max,50927607438,0,50927607438,6494053581 7204362875 5765947557 6679957523 6679820744 6344011642 5543979239 6215474277,3437,1653,0,0,0
1584858068821571682,18,max,51276116916,0,51276116916,6540251160 7248834344 5797059749 6726404629 6719230164 6391881213 5590430568 6262025089,3463,1661,0,0,0
1584858068869639946,18,max,51645373267,0,51645373267,6589199029 7295969292 5828057828 6776222857 6764634647 6439788275 5639743677 6311757662,3491,1669,0,0,0
1584858068917706391,18,max,51994811386,0,51994815590,6626947785 7342227009 5859118263 6822821244 6811046366 6487715609 5687546831 6357392483,3513,1681,0,0,0
1584858068965772946,18,max,52344424326,0,52344424326,6665095293 7388542921 5890453347 6870443204 6857455522 6535657164 5732804525 6403972350,3537,1693,0,0,0
1584858069013838169,18,max,52706012259,0,52706012259,6712102574 7438068489 5911231856 6917557961 6907350064 6583553237 5782330584 6453826778,3563,1702,0,0,0
1584858069061910207,18,max,53055830788,0,53055830788,6753372561 7483998686 5943144727 6962077541 6953444495 6631089016 5828413475 6500309126,3587,1712,0,0,0
1584858069109982643,18,max,53422787122,0,53422787122,6795065645 7533544348 5976005491 7007190592 7003338578 6678987285 5878512186 6550164060,3611,1726,0,0,0
1584858069158055375,18,max,53764009254,0,53764020501,6833905749 7580030092 6006262917 7052168287 7049509536 6726832453 5919172579 6596138888,3636,1736,0,0,0
1584858069206117627,18,max,54126610891,0,54126610891,6875620420 7627930876 6038322956 7097645449 7098158408 6774293290 5969001406 6645658146,3664,1746,0,0,0
1584858069254185229,18,max,54480899990,0,54480926164,6914059424 7674308530 6078947591 7143362364 7144587814 6822212110 6011243919 6692204412,3690,1755,0,0,0
1584858069302254211,18,max,54833558598,0,54833558598,6954625572 7720819044 6138544031 7189088322 7191067146 6870082455 6030777797 6738575350,3716,1764,0,0,0
1584858069350319422,18,max,55192463685,0,55192490091,6995716086 7770614762 6195704579 7234806383 7240790567 6915248763 6051556704 6788054821,3741,1776,0,0,0
1584858069398387594,18,max,55542008066,0,55542008066,7039123064 7817111677 6236434157 7280448059 7287675101 6960093677 6086532338 6834589993,3767,1784,0,0,0
1584858069446458411,18,max,55905813508,0,55905837474,7088498361 7866749392 6268094839 7326104232 7336946164 6999251676 6136374790 6883821971,3794,1795,0,0,0
1584858069494525960,18,max,56256154652,0,56256154652,7135144842 7913231524 6299514628 7371809934 7383508584 7039696345 6182911893 6930336902,3819,1806,0,0,0
1584858069542603646,18,max,56618494233,0,56618499929,7184087511 7963008320 6328470715 7417583966 7433370782 7079453456 6232435581 6980091102,3841,1819,0,0,0
1584858069590671386,18,max,56964814695,0,56964816906,7230221687 8009306818 6362394435 7462752945 7479930534 7114627066 6278927782 7026655639,3864,1830,0,0,0
1584858069638737952,18,max,57317099868,0,57317103408,7276496732 8055738918 6397464971 7508381436 7526507696 7153970786 6325384490 7073158379,3890,1839,0,0,0
1584858069686803080,18,max,57687504051,0,57687516766,7326070293 8105606934 6432993667 7554151418 7576409588 7194020448 6375260745 7123003673,3919,1847,0,0,0
1584858069734879330,18,max,58035605303,0,58035605303,7372363165 8152205357 6462978770 7599951389 7623005202 7233955793 6421716741 7169428886,3945,1856,0,0,0
1584858069782935165,18,max,58403136349,0,58403136349,7421797733 8202090045 6495513009 7645326720 7672886106 7274431226 6471583186 7219508324,3970,1867,0,0,0
1584858069831001613,18,max,58752921720,0,58752921720,7468030557 8248541855 6527350798 7690885672 7719456608 7313196620 6519870328 7265613245,3993,1880,0,0,0
1584858069879070494,18,max,59100106854,0,59100115322,7514960813 8295088239 6559025553 7736584431 7766010791 7351750484 6564555450 7312139561,4017,1891,0,0,0
1584858069927135837,18,max,59465896555,0,59465896555,7564134225 8344976309 6586961488 7782144372 7815450583 7396330441 6613979550 7361919587,4041,1904,0,0,0
1584858069975202348,18,max,59815988489,0,59815988489,7601918618 8391529910 6620167090 7827648939 7861907633 7443859827 6660518606 7408447377,4065,1914,0,0,0
1584858070023270251,18,max,60184517288,0,60184517288,7643326474 8441413352 6654812146 7873202682 7911797657 7491281705 6710381955 7458301317,4090,1927,0,0,0
1584858070071337690,18,max,60538158935,0,60538158935,7682591233 8487861324 6689784155 7918983547 7958352658 7538786984 6756961849 7504837185,4112,1941,0,0,0
1584858070119403627,18,max,60902653509,0,60902653509,7723994324 8537136040 6721840406 7963767931 8008259002 7586301665 6806639654 7554714487,4135,1955,0,0,0
1584858070167474427,18,max,61252041196,0,61252041196,7764232247 8583675009 6756007047 8008991009 8054432738 7633044911 6850440898 7601227429,4161,1964,0,0,0
1584858070215539236,18,max,61590693161,0,61590693161,7798444207 8627707460 6790723833 8054484319 8100556698 7674098388 6897007337 7647670919,4183,1976,0,0,0
1584858070263604448,18,max,61953540721,0,61953540721,7838671730 8677474352 6820251264 8100905684 8150432654 7721555129 6946713039 7697536869,4207,1988,0,0,0
1584858070311673068,18,max,62305481524,0,62305481524,7880922859 8723825439 6850315271 8147404115 8196953670 7768081757 6993246293 7744732120,4231,2000,0,0,0
1584858070359737959,18,max,62669918205,0,62669918205,7921207406 8773708100 6881506726 8197276996 8246806003 7813944253 7043090903 7792377818,4256,2011,0,0,0
1584858070407805014,18,max,63016543226,0,63016563446,7958470574 8820282446 6911294361 8243764151 8293304890 7861061472 7089464920 7838920632,4279,2022,0,0,0
1584858070455872532,18,max,63366320946,0,63366320946,7996903919 8866737568 6942625605 8290296196 8339755850 7908503528 7136048191 7885471277,4300,2036,0,0,0
1584858070503944347,18,max,63734995245,0,63734995245,8038923048 8916674970 6972304742 8340226247 8389675084 7955920642 7185931955 7935338557,4325,2047,0,0,0
1584858070552016894,18,max,64084343064,0,64084343064,8079265549 8963003607 7001947816 8386543619 8436215805 8003217035 7232378774 7981770859,4347,2059,0,0,0
1584858070600083693,18,max,64448790293,0,64448790293,8120840514 9012646287 7031522943 8435914212 8486061731 8047998625 7282179512 8031626469,4368,2076,0,0,0
1584858070648152214,18,max,64796832531,0,64796834888,8166977510 9059097966 7054865948 8482376113 8532620643 8094399438 7328376400 8078120870,4387,2090,0,0,0
1584858070696217546,18,max,65168584967,0,65168584967,8216585471 9108961507 7080515015 8532242534 8582529389 8141498611 7378282252 8127970188,4409,2106,0,0,0
1584858070744284639,18,max,65522607097,0,65522607097,8264295572 9155539689 7106852749 8578822909 8629118896 8188678471 7424850437 8174448374,4433,2117,0,0,0
1584858070792349964,18,max,65871604101,0,65871612286,8309052041 9202127909 7131001140 8625350632 8675726190 8235932624 7471449199 8220972551,4456,2129,0,0,0
1584858070840417503,18,max,66239486153,0,66239486153,8358661011 9251932660 7154490244 8675243936 8725644041 8281485396 7521288297 8270740568,4480,2141,0,0,0
1584858070888486930,18,max,66589702172,0,66589702172,8404423512 9298495584 7179739173 8721722161 8772224418 8328321076 7567901101 8316875147,4499,2156,0,0,0
1584858070936555062,18,max,66958280987,0,66958280987,8453817522 9348399857 7205128785 8771544647 8821641176 8375736149 7615692425 8366330637,4522,2170,0,0,0
1584858070984626878,18,max,67306274347,0,67306274347,8499702288 9394958675 7228487821 8818037901 8868193046 8423232586 7660825492 8412843436,4543,2184,0,0,0
1584858071032709826,18,max,67675823408,0,67675823408,8549022857 9444678645 7253524688 8867849731 8918058351 8470714670 7709274914 8462699552,4566,2198,0,0,0
1584858071080762381,18,max,68023915585,0,68023915585,8595027047 9491242943 7277567739 8912736335 8964617369 8518300236 7755501589 8508922327,4587,2212,0,0,0
1584858071128826415,18,max,68374932994,0,68374932994,8642954630 9537796846 7304988110 8958475674 9011171359 8565862162 7798290855 8555393358,4604,2228,0,0,0
1584858071176904051,18,max,68739771702,0,68739771702,8690475778 9587700610 7330291826 9007341140 9060611418 8613542552 7844592192 8605216186,4627,2243,0,0,0
1584858071224966909,18,max,69082695780,0,69082695780,8734995678 9632630250 7353778794 9053649956 9104202729 8660685130 7891140022 8651613221,4651,2252,0,0,0
1584858071273030699,18,max,69448502895,0,69448509343,8784392549 9682408480 7376793072 9103536993 9153908675 8706922361 7939278150 8701269063,4678,2263,0,0,0
1584858071321095840,18,max,69795207787,0,69795207787,8830466332 9728860829 7400620136 9150118674 9200390532 8753131042 7983988784 8747642161,4705,2270,0,0,0
1584858071369166469,18,max,70143648023,0,70143648023,8876377991 9775442053 7424768950 9196661824 9246767010 8799097211 8030479867 8794053117,4727,2282,0,0,0
1584858071417233594,18,max,70514149238,0,70514149238,8920152582 9825358011 7454433948 9246552715 9296588243 8846819939 8080305736 8843938064,4751,2295,0,0,0
1584858071465301417,18,max,70865369300,0,70865369300,8960384870 9871804085 7485214853 9293137769 9342874063 8894606665 8126880198 8890476889,4774,2307,0,0,0
1584858071513367037,18,max,71237470718,0,71237470718,9005284295 9921711826 7515350516 9343062132 9392623763 8942373780 8176749266 8940315140,4798,2321,0,0,0
1584858071561434566,18,max,71591453301,0,71591460237,9047392008 9968264827 7546995558 9389640796 9439087360 8989996815 8223316680 8986767683,4819,2333,0,0,0
1584858071609500358,18,max,71956875312,0,71956875312,9087469716 10017933445 7580960583 9438982056 9486540217 9037537809 8270926616 9036675032,4841,2348,0,0,0
1584858071657573449,18,max,72308922317,0,72308922317,9126080187 10064381312 7615634797 9485537450 9532822586 9085046647 8316228365 9083190973,4862,2362,0,0,0
1584858071705640805,18,max,72657078964,0,72657078964,9165181673 10110886752 7649517268 9532097486 9579164275 9131766637 8358879640 9129585233,4883,2375,0,0,0
1584858071753705490,18,max,73027061205,0,73027061205,9207807190 10160768403 7680546962 9581983104 9628822198 9178983714 8408765023 9179384611,4909,2386,0,0,0
1584858071801777165,18,max,73375206724,0,73375206724,9253259894 10207319558 7708028843 9628551861 9675281665 9221567176 8455240502 9225957225,4932,2397,0,0,0
1584858071849844748,18,max,73742580557,0,73742580557,9302797080 10257090791 7738391176 9678425116 9724957970 9260155355 8505127067 9275636002,4953,2413,0,0,0
1584858071897914108,18,max,74089464990,0,74089464990,9348524963 10303639125 7768338877 9724967388 9771222885 9298916191 8551688302 9322167259,4974,2425,0,0,0
1584858071945954780,18,max,74456046930,0,74456046930,9397823274 10353499004 7797491507 9774683464 9820964623 9338268369 8601312714 9372012215,4995,2439,0,0,0
1584858071994027944,18,max,74807113109,0,74807113109,9443860174 10400035276 7828758946 9821191445 9867515901 9379413219 8647832939 9418516256,5017,2452,0,0,0
1584858072042095645,18,max,75159582803,0,75159593269,9489845680 10446460126 7862516760 9867752384 9914059403 9419549047 8694377146 9465032723,5038,2465,0,0,0
1584858072090162755,18,max,75530704049,0,75530704049,9539154749 10492515412 7897512886 9917154573 9963915828 9461370843 8744179793 9514899965,5060,2480,0,0,0
1584858072138231662,18,max,75878297480,0,75878297480,9582903140 10535071043 7931021675 9963698270 10010466967 9503882989 8789815912 9561437484,5081,2492,0,0,0
1584858072189291914,18,max,76272053448,0,76272074532,9631253342 10587870259 7964291712 10015918318 10063306719 9554482148 8840337072 9614614962,5103,2509,0,0,0
1584858072237362295,18,max,76621661481,0,76621661481,9669207962 10633158075 8000544465 10062333466 10109488048 9601499298 8884345841 9661092612,5128,2519,0,0,0
1584858072285427960,18,max,76971743713,0,76971743713,9707384555 10679682317 8054267997 10108914233 10156062010 9648934922 8908176660 9708340809,5150,2531,0,0,0
1584858072333494159,18,max,77328494399,0,77328494399,9746828238 10729576734 8106214318 10158227421 10205864981 9687738067 8937126089 9756936227,5174,2543,0,0,0
1584858072381560260,18,max,77681827125,0,77681827125,9770545312 10776143056 8158101754 10204757207 10252428678 9733450590 8983285041 9803127509,5197,2555,0,0,0
1584858072429623318,18,max,78047807516,0,78047807516,9795799182 10825824466 8206916400 10254654202 10300981716 9777498506 9033169470 9852963574,5223,2566,0,0,0
1584858072477691170,18,max,78403490261,0,78403499705,9824490097 10872383503 8259598044 10301225883 10347515619 9819114793 9079736063 9899509302,5248,2575,0,0,0
1584858072525755516,18,max,78730114447,0,78730114447,9852137516 10918462233 8313322424 10347809486 10386264892 9849233448 9126254024 9936630424,5270,2585,0,0,0
1584858072573817300,5,max,79064035770,0,79064035770,9879280435 10963872025 8361518817 10393187240 10431131683 9889503126 9171437240 9974105204,5290,2598,0,0,0
1584858072621895013,2,max,79134441324,0,79134441324,9905346916 10964143797 8361518817 10393187240 10450687642 9913772545 9171679163 9974105204,5290,2604,0,0,0
1584858072669969701,2,max,79134441324,0,79134441324,9905346916 10964143797 8361518817 10393187240 10450687642 9913772545 9171679163 9974105204,5290,2604,0,0,0
1584858072718057614,2,max,79134441324,0,79134441324,9905346916 10964143797 8361518817 10393187240 10450687642 9913772545 9171679163 9974105204,5290,2604,0,0,0
1584858072766141764,2,max,79134441324,0,79134441324,9905346916 10964143797 8361518817 10393187240 10450687642 9913772545 9171679163 9974105204,5290,2604,0,0,0
1584858072814241952,2,max,79134441324,0,79134441324,9905346916 10964143797 8361518817 10393187240 10450687642 9913772545 9171679163 9974105204,5290,2604,0,0,0
1584858072862277765,2,max,79134441324,0,79134441324,9905346916 10964143797 8361518817 10393187240 10450687642 9913772545 9171679163 9974105204,5290,2604,0,0,0
1584858072910325986,2,max,79134441324,0,79134441324,9905346916 10964143797 8361518817 10393187240 10450687642 9913772545 9171679163 9974105204,5290,2604,0,0,0
1584858072958385659,2,max,79134441324,0,79134441324,9905346916 10964143797 8361518817 10393187240 10450687642 9913772545 9171679163 9974105204,5290,2604,0,0,0
1584858073006460446,2,max,79134441324,0,79134441324,9905346916 10964143797 8361518817 10393187240 10450687642 9913772545 9171679163 9974105204,5290,2604,0,0,0
1584858073054523799,2,max,79134441324,0,79134441324,9905346916 10964143797 8361518817 10393187240 10450687642 9913772545 9171679163 9974105204,5290,2604,0,0,0
1584858073102540594,2,max,79134441324,0,79134441324,9905346916 10964143797 8361518817 10393187240 10450687642 9913772545 9171679163 9974105204,5290,2604,0,0,0
1584858073150622306,2,max,79134441324,0,79134441324,9905346916 10964143797 8361518817 10393187240 10450687642 9913772545 9171679163 9974105204,5290,2604,0,0,0
1584858073198714577,2,max,79134441324,0,79134441324,9905346916 10964143797 8361518817 10393187240 10450687642 9913772545 9171679163 9974105204,5290,2604,0,0,0
1584858073246811117,2,max,79134441324,0,79134441324,9905346916 10964143797 8361518817 10393187240 10450687642 9913772545 9171679163 9974105204,5290,2604,0,0,0
1584858073294891869,2,max,79134441324,0,79134441324,9905346916 10964143797 8361518817 10393187240 10450687642 9913772545 9171679163 9974105204,5290,2604,0,0,0
1584858073342983340,2,max,79134441324,0,79134441324,9905346916 10964143797 8361518817 10393187240 10450687642 9913772545 9171679163 9974105204,5290,2604,0,0,0
1584858073391085627,2,max,79134441324,0,79134441324,9905346916 10964143797 8361518817 10393187240 10450687642 9913772545 9171679163 9974105204,5290,2604,0,0,0
1584858073439213429,2,max,79134441324,0,79134441324,9905346916 10964143797 8361518817 10393187240 10450687642 9913772545 9171679163 9974105204,5290,2604,0,0,0
1584858073487310730,2,max,79134441324,0,79134441324,9905346916 10964143797 8361518817 10393187240 10450687642 9913772545 9171679163 9974105204,5290,2604,0,0,0
1584858073535416037,2,max,79134441324,0,79134441324,9905346916 10964143797 8361518817 10393187240 10450687642 9913772545 9171679163 9974105204,5290,2604,0,0,0
1584858073583510363,2,max,79134441324,0,79134441324,9905346916 10964143797 8361518817 10393187240 10450687642 9913772545 9171679163 9974105204,5290,2604,0,0,0
1584858073631608609,2,max,79134441324,0,79134441324,9905346916 10964143797 8361518817 10393187240 10450687642 9913772545 9171679163 9974105204,5290,2604,0,0,0
1584858073679690022,2,max,79134441324,0,79134441324,9905346916 10964143797 8361518817 10393187240 10450687642 9913772545 9171679163 9974105204,5290,2604,0,0,0
1584858073727771406,2,max,79134441324,0,79134441324,9905346916 10964143797 8361518817 10393187240 10450687642 9913772545 9171679163 9974105204,5290,2604,0,0,0
1584858073775877317,2,max,79134441324,0,79134441324,9905346916 10964143797 8361518817 10393187240 10450687642 9913772545 9171679163 9974105204,5290,2604,0,0,0
1584858073823980890,2,max,79134441324,0,79134441324,9905346916 10964143797 8361518817 10393187240 10450687642 9913772545 9171679163 9974105204,5290,2604,0,0,0
1584858073872073000,2,max,79134441324,0,79134441324,9905346916 10964143797 8361518817 10393187240 10450687642 9913772545 9171679163 9974105204,5290,2604,0,0,0
1584858073920168266,2,max,79134441324,0,79134441324,9905346916 10964143797 8361518817 10393187240 10450687642 9913772545 9171679163 9974105204,5290,2604,0,0,0
1584858073968245647,2,max,79134441324,0,79134441324,9905346916 10964143797 8361518817 10393187240 10450687642 9913772545 9171679163 9974105204,5290,2604,0,0,0
1584858074016301876,2,max,79134441324,0,79134441324,9905346916 10964143797 8361518817 10393187240 10450687642 9913772545 9171679163 9974105204,5290,2604,0,0,0
1584858074064360927,2,max,79134441324,0,79134441324,9905346916 10964143797 8361518817 10393187240 10450687642 9913772545 9171679163 9974105204,5290,2604,0,0,0
1584858074112433697,2,max,79134441324,0,79134441324,9905346916 10964143797 8361518817 10393187240 10450687642 9913772545 9171679163 9974105204,5290,2604,0,0,0
1584858074160492583,2,max,79134441324,0,79134441324,9905346916 10964143797 8361518817 10393187240 10450687642 9913772545 9171679163 9974105204,5290,2604,0,0,0
1584858074208570485,2,max,79134441324,0,79134441324,9905346916 10964143797 8361518817 10393187240 10450687642 9913772545 9171679163 9974105204,5290,2604,0,0,0
1584858074256655269,2,max,79134441324,0,79134441324,9905346916 10964143797 8361518817 10393187240 10450687642 9913772545 9171679163 9974105204,5290,2604,0,0,0
1584858074304779537,2,max,79134441324,0,79134441324,9905346916 10964143797 8361518817 10393187240 10450687642 9913772545 9171679163 9974105204,5290,2604,0,0,0
1584858074352823055,2,max,79134441324,0,79134441324,9905346916 10964143797 8361518817 10393187240 10450687642 9913772545 9171679163 9974105204,5290,2604,0,0,0
1584858074400902701,2,max,79134441324,0,79134441324,9905346916 10964143797 8361518817 10393187240 10450687642 9913772545 9171679163 9974105204,5290,2604,0,0,0
1584858074448972026,2,max,79134441324,0,79134441324,9905346916 10964143797 8361518817 10393187240 10450687642 9913772545 9171679163 9974105204,5290,2604,0,0,0
1584858074497059774,2,max,79134441324,0,79134441324,9905346916 10964143797 8361518817 10393187240 10450687642 9913772545 9171679163 9974105204,5290,2604,0,0,0
1584858074545125382,2,max,79134441324,0,79134441324,9905346916 10964143797 8361518817 10393187240 10450687642 9913772545 9171679163 9974105204,5290,2604,0,0,0
1584858074593191658,2,max,79134441324,0,79134441324,9905346916 10964143797 8361518817 10393187240 10450687642 9913772545 9171679163 9974105204,5290,2604,0,0,0
1584858074641258817,2,max,79141205814,0,79141205814,9906290658 10964526712 8366727895 10393187240 10450687642 9914001300 9171679163 9974105204,5290,2605,0,0,0
1584858074689300076,2,max,79141205814,0,79141205814,9906290658 10964526712 8366727895 10393187240 10450687642 9914001300 9171679163 9974105204,5290,2605,0,0,0
1584858074737395357,2,max,79141205814,0,79141205814,9906290658 10964526712 8366727895 10393187240 10450687642 9914001300 9171679163 9974105204,5290,2605,0,0,0
1584858074785492281,2,max,79141205814,0,79141205814,9906290658 10964526712 8366727895 10393187240 10450687642 9914001300 9171679163 9974105204,5290,2605,0,0,0
1584858074833540578,2,max,79141268759,0,79141268759,9906290658 10964526712 8366790840 10393187240 10450687642 9914001300 9171679163 9974105204,5290,2605,0,0,0
1584858074881631748,2,max,79141460103,0,79141460103,9906290658 10964526712 8366982184 10393187240 10450687642 9914001300 9171679163 9974105204,5290,2605,0,0,0
1584858074929743430,2,max,79141460103,0,79141460103,9906290658 10964526712 8366982184 10393187240 10450687642 9914001300 9171679163 9974105204,5290,2605,0,0,0
1584858074977820734,2,max,79141556900,0,79141556900,9906290658 10964526712 8367078981 10393187240 10450687642 9914001300 9171679163 9974105204,5290,2605,0,0,0
1584858075025948262,2,max,79141556900,0,79141556900,9906290658 10964526712 8367078981 10393187240 10450687642 9914001300 9171679163 9974105204,5290,2605,0,0,0
1584858075074007482,2,max,79141987578,0,79141987578,9906290658 10964526712 8367509659 10393187240 10450687642 9914001300 9171679163 9974105204,5290,2605,0,0,0
1584858075122089259,2,max,79141987578,0,79141987578,9906290658 10964526712 8367509659 10393187240 10450687642 9914001300 9171679163 9974105204,5290,2605,0,0,0
1584858075170187472,2,max,79142257258,0,79142257258,9906290658 10964526712 8367779339 10393187240 10450687642 9914001300 9171679163 9974105204,5290,2605,0,0,0
1584858075218267491,2,max,79142257258,0,79142257258,9906290658 10964526712 8367779339 10393187240 10450687642 9914001300 9171679163 9974105204,5290,2605,0,0,0
1584858075266326022,2,max,79143475835,0,79143475835,9906290658 10964526712 8368997916 10393187240 10450687642 9914001300 9171679163 9974105204,5290,2605,0,0,0
1584858075314430137,2,max,79143475835,0,79143475835,9906290658 10964526712 8368997916 10393187240 10450687642 9914001300 9171679163 9974105204,5290,2605,0,0,0
1584858075362493930,2,max,79144637786,0,79144637786,9906290658 10964526712 8370159867 10393187240 10450687642 9914001300 9171679163 9974105204,5290,2605,0,0,0
1584858075410608018,2,max,79145142116,0,79145142116,9906290658 10964526712 8370433501 10393417936 10450687642 9914001300 9171679163 9974105204,5290,2605,0,0,0
1584858075458648239,2,max,79145458822,0,79145458822,9906290658 10964526712 8370433501 10393734642 10450687642 9914001300 9171679163 9974105204,5290,2605,0,0,0
1584858075506732911,2,max,79147923092,0,79147923092,9906290658 10964526712 8370433501 10396198912 10450687642 9914001300 9171679163 9974105204,5290,2605,0,0,0
1584858075554878521,2,max,79147923092,0,79147923092,9906290658 10964526712 8370433501 10396198912 10450687642 9914001300 9171679163 9974105204,5290,2605,0,0,0
1584858075602933263,2,max,79151948883,0,79151948883,9906290658 10964526712 8370433501 10399887080 10451025265 9914001300 9171679163 9974105204,5290,2605,0,0,0
1584858075651024304,2,max,79151948883,0,79151948883,9906290658 10964526712 8370433501 10399887080 10451025265 9914001300 9171679163 9974105204,5290,2605,0,0,0
1584858075699104683,2,max,79155492758,0,79155492758,9906290658 10964526712 8370433501 10403430955 10451025265 9914001300 9171679163 9974105204,5291,2605,0,0,0
1584858075747205317,2,max,79159204774,0,79159204774,9906290658 10964526712 8370433501 10407142971 10451025265 9914001300 9171679163 9974105204,5291,2606,0,0,0
1584858075795300773,2,max,79165309223,0,79165309223,9906290658 10964526712 8370433501 10413247420 10451025265 9914001300 9171679163 9974105204,5291,2606,0,0,0
1584858075843392340,2,max,79170650228,0,79170650228,9906290658 10964526712 8370433501 10418588425 10451025265 9914001300 9171679163 9974105204,5291,2606,0,0,0
1584858075891477235,2,max,79178554938,0,79178554938,9906290658 10964526712 8370433501 10420027079 10457491321 9914001300 9171679163 9974105204,5291,2607,0,0,0
1584858075939579824,2,max,79184948688,0,79184948688,9906290658 10964526712 8370433501 10420027079 10463885071 9914001300 9171679163 9974105204,5291,2607,0,0,0
1584858075987629170,2,max,79193732329,0,79193732329,9906290658 10964526712 8370433501 10420560107 10472135684 9914001300 9171679163 9974105204,5291,2607,0,0,0
1584858076035706442,2,max,79201921702,0,79201921702,9906290658 10964526712 8370433501 10420560107 10480325057 9914001300 9171679163 9974105204,5292,2608,0,0,0
1584858076083772465,2,max,79207725387,0,79207725387,9906290658 10964526712 8370433501 10420560107 10486128742 9914001300 9171679163 9974105204,5292,2608,0,0,0
1584858076131836620,2,max,79215698743,0,79215698743,9906290658 10964526712 8370433501 10421747906 10487668150 9919247449 9171679163 9974105204,5292,2608,0,0,0
1584858076179905138,2,max,79220375397,0,79220375397,9906290658 10964526712 8370433501 10421747906 10487668150 9923924103 9171679163 9974105204,5292,2609,0,0,0
1584858076227970784,2,max,79225084580,0,79225084580,9906290658 10966121984 8370433501 10421747906 10487668150 9925153708 9173563469 9974105204,5292,2610,0,0,0
1584858076276031729,2,max,79232219067,0,79232219067,9909560049 10967193664 8370433501 10421747906 10488694346 9925153708 9175330689 9974105204,5292,2611,0,0,0
1584858076324098097,2,max,79232219067,0,79232219067,9909560049 10967193664 8370433501 10421747906 10488694346 9925153708 9175330689 9974105204,5292,2611,0,0,0
1584858076372211461,2,max,79232219067,0,79232219067,9909560049 10967193664 8370433501 10421747906 10488694346 9925153708 9175330689 9974105204,5292,2611,0,0,0
1584858076420248083,2,max,79232219067,0,79232219067,9909560049 10967193664 8370433501 10421747906 10488694346 9925153708 9175330689 9974105204,5292,2611,0,0,0
1584858076468308421,2,max,79232219067,0,79232219067,9909560049 10967193664 8370433501 10421747906 10488694346 9925153708 9175330689 9974105204,5292,2611,0,0,0
1584858076516375732,2,max,79232219067,0,79232219067,9909560049 10967193664 8370433501 10421747906 10488694346 9925153708 9175330689 9974105204,5292,2611,0,0,0
1584858076564436221,2,max,79232219067,0,79232219067,9909560049 10967193664 8370433501 10421747906 10488694346 9925153708 9175330689 9974105204,5292,2611,0,0,0
1584858076612485734,2,max,79232219067,0,79232219067,9909560049 10967193664 8370433501 10421747906 10488694346 9925153708 9175330689 9974105204,5292,2611,0,0,0
1584858076660588025,2,max,79232219067,0,79232219067,9909560049 10967193664 8370433501 10421747906 10488694346 9925153708 9175330689 9974105204,5292,2611,0,0,0
1584858076708691507,2,max,79232219067,0,79232219067,9909560049 10967193664 8370433501 10421747906 10488694346 9925153708 9175330689 9974105204,5292,2611,0,0,0
1584858076756760340,2,max,79232219067,0,79232219067,9909560049 10967193664 8370433501 10421747906 10488694346 9925153708 9175330689 9974105204,5292,2611,0,0,0
1584858076804856569,2,max,79232219067,0,79232219067,9909560049 10967193664 8370433501 10421747906 10488694346 9925153708 9175330689 9974105204,5292,2611,0,0,0
1584858076852972674,2,max,79232219067,0,79232219067,9909560049 10967193664 8370433501 10421747906 10488694346 9925153708 9175330689 9974105204,5292,2611,0,0,0
1584858076901038672,2,max,79232219067,0,79232219067,9909560049 10967193664 8370433501 10421747906 10488694346 9925153708 9175330689 9974105204,5292,2611,0,0,0
1584858076949120661,2,max,79232219067,0,79232219067,9909560049 10967193664 8370433501 10421747906 10488694346 9925153708 9175330689 9974105204,5292,2611,0,0,0
1584858076997191951,2,max,79232219067,0,79232219067,9909560049 10967193664 8370433501 10421747906 10488694346 9925153708 9175330689 9974105204,5292,2611,0,0,0
1584858077045291085,2,max,79232219067,0,79232219067,9909560049 10967193664 8370433501 10421747906 10488694346 9925153708 9175330689 9974105204,5292,2611,0,0,0
1584858077093383050,2,max,79232219067,0,79232219067,9909560049 10967193664 8370433501 10421747906 10488694346 9925153708 9175330689 9974105204,5292,2611,0,0,0
1584858077141473065,2,max,79232219067,0,79232219067,9909560049 10967193664 8370433501 10421747906 10488694346 9925153708 9175330689 9974105204,5292,2611,0,0,0
1584858077189614242,2,max,79232219067,0,79232219067,9909560049 10967193664 8370433501 10421747906 10488694346 9925153708 9175330689 9974105204,5292,2611,0,0,0
1584858077237684574,2,max,79232219067,0,79232219067,9909560049 10967193664 8370433501 10421747906 10488694346 9925153708 9175330689 9974105204,5292,2611,0,0,0
1584858077285745377,2,max,79232219067,0,79232219067,9909560049 10967193664 8370433501 10421747906 10488694346 9925153708 9175330689 9974105204,5292,2611,0,0,0
1584858077333801842,2,max,79232219067,0,79232219067,9909560049 10967193664 8370433501 10421747906 10488694346 9925153708 9175330689 9974105204,5292,2611,0,0,0
1584858077381871291,2,max,79232219067,0,79232219067,9909560049 10967193664 8370433501 10421747906 10488694346 9925153708 9175330689 9974105204,5292,2611,0,0,0
1584858077429929706,2,max,79232219067,0,79232219067,9909560049 10967193664 8370433501 10421747906 10488694346 9925153708 9175330689 9974105204,5292,2611,0,0,0
1584858077477992593,2,max,79232219067,0,79232219067,9909560049 10967193664 8370433501 10421747906 10488694346 9925153708 9175330689 9974105204,5292,2611,0,0,0
1584858077526053628,2,max,79232219067,0,79232219067,9909560049 10967193664 8370433501 10421747906 10488694346 9925153708 9175330689 9974105204,5292,2611,0,0,0
1584858077574109925,2,max,79232219067,0,79232219067,9909560049 10967193664 8370433501 10421747906 10488694346 9925153708 9175330689 9974105204,5292,2611,0,0,0
1584858077622185129,2,max,79232219067,0,79232219067,9909560049 10967193664 8370433501 10421747906 10488694346 9925153708 9175330689 9974105204,5292,2611,0,0,0
1584858077670262670,2,max,79232219067,0,79232219067,9909560049 10967193664 8370433501 10421747906 10488694346 9925153708 9175330689 9974105204,5292,2611,0,0,0
1584858077718323108,2,max,79232219067,0,79232219067,9909560049 10967193664 8370433501 10421747906 10488694346 9925153708 9175330689 9974105204,5292,2611,0,0,0
1584858077766411677,2,max,79232219067,0,79232219067,9909560049 10967193664 8370433501 10421747906 10488694346 9925153708 9175330689 9974105204,5292,2611,0,0,0
1584858077814493781,2,max,79232219067,0,79232219067,9909560049 10967193664 8370433501 10421747906 10488694346 9925153708 9175330689 9974105204,5292,2611,0,0,0
1584858077862576437,2,max,79232219067,0,79232219067,9909560049 10967193664 8370433501 10421747906 10488694346 9925153708 9175330689 9974105204,5292,2611,0,0,0
1584858077910631365,2,max,79232219067,0,79232219067,9909560049 10967193664 8370433501 10421747906 10488694346 9925153708 9175330689 9974105204,5292,2611,0,0,0
1584858077958710033,2,max,79232219067,0,79232219067,9909560049 10967193664 8370433501 10421747906 10488694346 9925153708 9175330689 9974105204,5292,2611,0,0,0
1584858078006782578,2,max,79232219067,0,79232219067,9909560049 10967193664 8370433501 10421747906 10488694346 9925153708 9175330689 9974105204,5292,2611,0,0,0
1584858078054841597,2,max,79232219067,0,79232219067,9909560049 10967193664 8370433501 10421747906 10488694346 9925153708 9175330689 9974105204,5292,2611,0,0,0
1584858078102898090,2,max,79232219067,0,79232219067,9909560049 10967193664 8370433501 10421747906 10488694346 9925153708 9175330689 9974105204,5292,2611,0,0,0
1584858078150960404,2,max,79232219067,0,79232219067,9909560049 10967193664 8370433501 10421747906 10488694346 9925153708 9175330689 9974105204,5292,2611,0,0,0
1584858078199038608,2,max,79232219067,0,79232219067,9909560049 10967193664 8370433501 10421747906 10488694346 9925153708 9175330689 9974105204,5292,2611,0,0,0
1584858078247130615,2,max,79232219067,0,79232219067,9909560049 10967193664 8370433501 10421747906 10488694346 9925153708 9175330689 9974105204,5292,2611,0,0,0
1584858078295180988,1,max,79243242156,0,79243242156,9910473692 10968656806 8379079805 10421747906 10488694346 9925153708 9175330689 9974105204,5292,2612,0,0,0
1584858078343241753,0,max,79266985231,0,79266985231,9910473692 10968656806 8402822880 10421747906 10488694346 9925153708 9175330689 9974105204,5292,2614,0,0,0
1584858078391318117, , , , , , ,,,,,
1584858078439372238, , , , , , ,,,,,
1584858078487459179, , , , , , ,,,,,
1584858078535540883, , , , , , ,,,,,
1584858078583642575, , , , , , ,,,,,
1584858078631720739, , , , , , ,,,,,
1584858078679815795, , , , , , ,,,,,
1584858078727896029, , , , , , ,,,,,
1584858078776011011, , , , , , ,,,,,
1584858078824104651, , , , , , ,,,,,
1584858078872205226, , , , , , ,,,,,
1584858078920295858, , , , , , ,,,,,
1584858078968357627, , , , , , ,,,,,
1584858079016452087, , , , , , ,,,,,
1584858079064499177, , , , , , ,,,,,
1584858079112614930, , , , , , ,,,,,
