---
Version: 1.1.7
Provider: docker
Metadata:
  Created: "2020-04-12T00:15:19Z"
  Command: "bash -c 'while true; do sleep 2s; done'"
  Id: d69fefaa9ee25c23f5c9ed5b4431b221d147575982352cedff0925a275e1827e
  Image: ubuntu
  Labels: {}
  Names:
    - /cocky_hugle
  Ports: []
  Status: Up 21 minutes
  SizeRw: ~
  SizeRootFs: ~
System:
  OsType: Linux
  OsRelease: 4.15.0-88-generic
  Distribution:
    Id: ubuntu
    IdLike: debian
    Name: Ubuntu
    PrettyName: Ubuntu 18.04.1 LTS
    Version: 18.04.1 LTS (Bionic Beaver)
    VersionId: "18.04"
    VersionCodename: bionic
    CpeName: ~
    BuildId: ~
    Variant: ~
    VariantId: ~
  MemoryTotal: 264061528
  SwapTotal: 3145724
  Hostname: node1.radvisor-direct.infosphere-pg0.clemson.cloudlab.us
  CpuCount: 40
  CpuOnlineCount: 4
  CpuSpeed: 2199
Cgroup: system.slice/docker-d69fefaa9ee25c23f5c9ed5b4431b221d147575982352cedff0925a275e1827e.scope
CgroupDriver: systemd
InitializedAt: 1586651816493061473
---
read,pids.current,pids.max,cpu.usage.total,cpu.usage.system,cpu.usage.user,cpu.usage.percpu,cpu.stat.user,cpu.stat.system,cpu.throttling.periods,cpu.throttling.throttled.count,cpu.throttling.throttled.time,memory.usage.current,memory.usage.max,memory.limit.hard,memory.limit.soft,memory.failcnt,memory.hierarchical_limit.memory,memory.hierarchical_limit.memoryswap,memory.cache,memory.rss.all,memory.rss.huge,memory.mapped,memory.swap,memory.paged.in,memory.paged.out,memory.fault.total,memory.fault.major,memory.anon.inactive,memory.anon.active,memory.file.inactive,memory.file.active,memory.unevictable,blkio.service.bytes,blkio.service.ios,blkio.service.time,blkio.queued,blkio.wait,blkio.merged,blkio.time,blkio.sectors
1586651816493417355,2,6143,797880216,0,797880216,48592159 347092333 350148010 52047714 0 0 0 0 0 0 0 0 0 0 0 0 0 0 0 0 0 0 0 0 0 0 0 0 0 0 0 0 0 0 0 0 0 0 0 0,37,38,0,0,0,2314240,7000064,9223372036854771712,9223372036854771712,0,9223372036854771712,,0,364544,0,0,,26776,26687,61243,0,0,364544,0,0,0,Total 0,Total 0,Total 0,Total 0,Total 0,Total 0,,
1586651816542723194,2,6143,797880216,0,797880216,48592159 347092333 350148010 52047714 0 0 0 0 0 0 0 0 0 0 0 0 0 0 0 0 0 0 0 0 0 0 0 0 0 0 0 0 0 0 0 0 0 0 0 0,37,38,0,0,0,2314240,7000064,9223372036854771712,9223372036854771712,0,9223372036854771712,,0,364544,0,0,,26776,26687,61243,0,0,364544,0,0,0,Total 0,Total 0,Total 0,Total 0,Total 0,Total 0,,
1586651816592780860,2,6143,797880216,0,797880216,48592159 347092333 350148010 52047714 0 0 0 0 0 0 0 0 0 0 0 0 0 0 0 0 0 0 0 0 0 0 0 0 0 0 0 0 0 0 0 0 0 0 0 0,37,38,0,0,0,2314240,7000064,9223372036854771712,9223372036854771712,0,9223372036854771712,,0,364544,0,0,,26776,26687,61243,0,0,364544,0,0,0,Total 0,Total 0,Total 0,Total 0,Total 0,Total 0,,
1586651816642841526,2,6143,797880216,0,797880216,48592159 347092333 350148010 52047714 0 0 0 0 0 0 0 0 0 0 0 0 0 0 0 0 0 0 0 0 0 0 0 0 0 0 0 0 0 0 0 0 0 0 0 0,37,38,0,0,0,2314240,7000064,9223372036854771712,9223372036854771712,0,9223372036854771712,,0,364544,0,0,,26776,26687,61243,0,0,364544,0,0,0,Total 0,Total 0,Total 0,Total 0,Total 0,Total 0,,
1586651816692899316,2,6143,797880216,0,797880216,48592159 347092333 350148010 52047714 0 0 0 0 0 0 0 0 0 0 0 0 0 0 0 0 0 0 0 0 0 0 0 0 0 0 0 0 0 0 0 0 0 0 0 0,37,38,0,0,0,2314240,7000064,9223372036854771712,9223372036854771712,0,9223372036854771712,,0,364544,0,0,,26776,26687,61243,0,0,364544,0,0,0,Total 0,Total 0,Total 0,Total 0,Total 0,Total 0,,
1586651816742957949,2,6143,797880216,0,797880216,48592159 347092333 350148010 52047714 0 0 0 0 0 0 0 0 0 0 0 0 0 0 0 0 0 0 0 0 0 0 0 0 0 0 0 0 0 0 0 0 0 0 0 0,37,38,0,0,0,2314240,7000064,9223372036854771712,9223372036854771712,0,9223372036854771712,,0,364544,0,0,,26776,26687,61243,0,0,364544,0,0,0,Total 0,Total 0,Total 0,Total 0,Total 0,Total 0,,
1586651816793013879,2,6143,797880216,0,797880216,48592159 347092333 350148010 52047714 0 0 0 0 0 0 0 0 0 0 0 0 0 0 0 0 0 0 0 0 0 0 0 0 0 0 0 0 0 0 0 0 0 0 0 0,37,38,0,0,0,2314240,7000064,9223372036854771712,9223372036854771712,0,9223372036854771712,,0,364544,0,0,,26776,26687,61243,0,0,364544,0,0,0,Total 0,Total 0,Total 0,Total 0,Total 0,Total 0,,
1586651816843074900,2,6143,797880216,0,797880216,48592159 347092333 350148010 52047714 0 0 0 0 0 0 0 0 0 0 0 0 0 0 0 0 0 0 0 0 0 0 0 0 0 0 0 0 0 0 0 0 0 0 0 0,37,38,0,0,0,2314240,7000064,9223372036854771712,9223372036854771712,0,9223372036854771712,,0,364544,0,0,,26776,26687,61243,0,0,364544,0,0,0,Total 0,Total 0,Total 0,Total 0,Total 0,Total 0,,
1586651816893121697,2,6143,797880216,0,797880216,48592159 347092333 350148010 52047714 0 0 0 0 0 0 0 0 0 0 0 0 0 0 0 0 0 0 0 0 0 0 0 0 0 0 0 0 0 0 0 0 0 0 0 0,37,38,0,0,0,2314240,7000064,9223372036854771712,9223372036854771712,0,9223372036854771712,,0,364544,0,0,,26776,26687,61243,0,0,364544,0,0,0,Total 0,Total 0,Total 0,Total 0,Total 0,Total 0,,
1586651816943227196,2,6143,798732470,0,798732470,48592159 347092333 350357616 52690362 0 0 0 0 0 0 0 0 0 0 0 0 0 0 0 0 0 0 0 0 0 0 0 0 0 0 0 0 0 0 0 0 0 0 0 0,37,38,0,0,0,2519040,7000064,9223372036854771712,9223372036854771712,0,9223372036854771712,,0,364544,0,0,,26815,26726,61334,0,0,307200,0,0,0,Total 0,Total 0,Total 0,Total 0,Total 0,Total 0,,
1586651816993298844,2,6143,798732470,0,798732470,48592159 347092333 350357616 52690362 0 0 0 0 0 0 0 0 0 0 0 0 0 0 0 0 0 0 0 0 0 0 0 0 0 0 0 0 0 0 0 0 0 0 0 0,37,38,0,0,0,2519040,7000064,9223372036854771712,9223372036854771712,0,9223372036854771712,,0,364544,0,0,,26815,26726,61334,0,0,307200,0,0,0,Total 0,Total 0,Total 0,Total 0,Total 0,Total 0,,
1586651817043359447,2,6143,798732470,0,798732470,48592159 347092333 350357616 52690362 0 0 0 0 0 0 0 0 0 0 0 0 0 0 0 0 0 0 0 0 0 0 0 0 0 0 0 0 0 0 0 0 0 0 0 0,37,38,0,0,0,2519040,7000064,9223372036854771712,9223372036854771712,0,9223372036854771712,,0,364544,0,0,,26815,26726,61334,0,0,307200,0,0,0,Total 0,Total 0,Total 0,Total 0,Total 0,Total 0,,
1586651817093401807,2,6143,798732470,0,798732470,48592159 347092333 350357616 52690362 0 0 0 0 0 0 0 0 0 0 0 0 0 0 0 0 0 0 0 0 0 0 0 0 0 0 0 0 0 0 0 0 0 0 0 0,37,38,0,0,0,2519040,7000064,9223372036854771712,9223372036854771712,0,9223372036854771712,,0,364544,0,0,,26815,26726,61334,0,0,307200,0,0,0,Total 0,Total 0,Total 0,Total 0,Total 0,Total 0,,
1586651817143475574,2,6143,798732470,0,798732470,48592159 347092333 350357616 52690362 0 0 0 0 0 0 0 0 0 0 0 0 0 0 0 0 0 0 0 0 0 0 0 0 0 0 0 0 0 0 0 0 0 0 0 0,37,38,0,0,0,2519040,7000064,9223372036854771712,9223372036854771712,0,9223372036854771712,,0,364544,0,0,,26815,26726,61334,0,0,307200,0,0,0,Total 0,Total 0,Total 0,Total 0,Total 0,Total 0,,
1586651817193551111,2,6143,798732470,0,798732470,48592159 347092333 350357616 52690362 0 0 0 0 0 0 0 0 0 0 0 0 0 0 0 0 0 0 0 0 0 0 0 0 0 0 0 0 0 0 0 0 0 0 0 0,37,38,0,0,0,2519040,7000064,9223372036854771712,9223372036854771712,0,9223372036854771712,,0,364544,0,0,,26815,26726,61334,0,0,307200,0,0,0,Total 0,Total 0,Total 0,Total 0,Total 0,Total 0,,
1586651817243626780,2,6143,798732470,0,798732470,48592159 347092333 350357616 52690362 0 0 0 0 0 0 0 0 0 0 0 0 0 0 0 0 0 0 0 0 0 0 0 0 0 0 0 0 0 0 0 0 0 0 0 0,37,38,0,0,0,2519040,7000064,9223372036854771712,9223372036854771712,0,9223372036854771712,,0,364544,0,0,,26815,26726,61334,0,0,307200,0,0,0,Total 0,Total 0,Total 0,Total 0,Total 0,Total 0,,
1586651817293700299,2,6143,798732470,0,798732470,48592159 347092333 350357616 52690362 0 0 0 0 0 0 0 0 0 0 0 0 0 0 0 0 0 0 0 0 0 0 0 0 0 0 0 0 0 0 0 0 0 0 0 0,37,38,0,0,0,2519040,7000064,9223372036854771712,9223372036854771712,0,9223372036854771712,,0,364544,0,0,,26815,26726,61334,0,0,307200,0,0,0,Total 0,Total 0,Total 0,Total 0,Total 0,Total 0,,
1586651817343772512,2,6143,798732470,0,798732470,48592159 347092333 350357616 52690362 0 0 0 0 0 0 0 0 0 0 0 0 0 0 0 0 0 0 0 0 0 0 0 0 0 0 0 0 0 0 0 0 0 0 0 0,37,38,0,0,0,2519040,7000064,9223372036854771712,9223372036854771712,0,9223372036854771712,,0,364544,0,0,,26815,26726,61334,0,0,307200,0,0,0,Total 0,Total 0,Total 0,Total 0,Total 0,Total 0,,
1586651817393846478,2,6143,798732470,0,798732470,48592159 347092333 350357616 52690362 0 0 0 0 0 0 0 0 0 0 0 0 0 0 0 0 0 0 0 0 0 0 0 0 0 0 0 0 0 0 0 0 0 0 0 0,37,38,0,0,0,2519040,7000064,9223372036854771712,9223372036854771712,0,9223372036854771712,,0,364544,0,0,,26815,26726,61334,0,0,307200,0,0,0,Total 0,Total 0,Total 0,Total 0,Total 0,Total 0,,
1586651817443902652,2,6143,798732470,0,798732470,48592159 347092333 350357616 52690362 0 0 0 0 0 0 0 0 0 0 0 0 0 0 0 0 0 0 0 0 0 0 0 0 0 0 0 0 0 0 0 0 0 0 0 0,37,38,0,0,0,2408448,7000064,9223372036854771712,9223372036854771712,0,9223372036854771712,,0,364544,0,0,,26815,26726,61334,0,0,307200,0,0,0,Total 0,Total 0,Total 0,Total 0,Total 0,Total 0,,
1586651817493972431,2,6143,798732470,0,798732470,48592159 347092333 350357616 52690362 0 0 0 0 0 0 0 0 0 0 0 0 0 0 0 0 0 0 0 0 0 0 0 0 0 0 0 0 0 0 0 0 0 0 0 0,37,38,0,0,0,2408448,7000064,9223372036854771712,9223372036854771712,0,9223372036854771712,,0,364544,0,0,,26815,26726,61334,0,0,307200,0,0,0,Total 0,Total 0,Total 0,Total 0,Total 0,Total 0,,
1586651817544026242,2,6143,798732470,0,798732470,48592159 347092333 350357616 52690362 0 0 0 0 0 0 0 0 0 0 0 0 0 0 0 0 0 0 0 0 0 0 0 0 0 0 0 0 0 0 0 0 0 0 0 0,37,38,0,0,0,2408448,7000064,9223372036854771712,9223372036854771712,0,9223372036854771712,,0,364544,0,0,,26815,26726,61334,0,0,307200,0,0,0,Total 0,Total 0,Total 0,Total 0,Total 0,Total 0,,
1586651817594084063,2,6143,798732470,0,798732470,48592159 347092333 350357616 52690362 0 0 0 0 0 0 0 0 0 0 0 0 0 0 0 0 0 0 0 0 0 0 0 0 0 0 0 0 0 0 0 0 0 0 0 0,37,38,0,0,0,2408448,7000064,9223372036854771712,9223372036854771712,0,9223372036854771712,,0,364544,0,0,,26815,26726,61334,0,0,307200,0,0,0,Total 0,Total 0,Total 0,Total 0,Total 0,Total 0,,
1586651817644146630,2,6143,798732470,0,798732470,48592159 347092333 350357616 52690362 0 0 0 0 0 0 0 0 0 0 0 0 0 0 0 0 0 0 0 0 0 0 0 0 0 0 0 0 0 0 0 0 0 0 0 0,37,38,0,0,0,2408448,7000064,9223372036854771712,9223372036854771712,0,9223372036854771712,,0,364544,0,0,,26815,26726,61334,0,0,307200,0,0,0,Total 0,Total 0,Total 0,Total 0,Total 0,Total 0,,
1586651817694196270,2,6143,798732470,0,798732470,48592159 347092333 350357616 52690362 0 0 0 0 0 0 0 0 0 0 0 0 0 0 0 0 0 0 0 0 0 0 0 0 0 0 0 0 0 0 0 0 0 0 0 0,37,38,0,0,0,2408448,7000064,9223372036854771712,9223372036854771712,0,9223372036854771712,,0,364544,0,0,,26815,26726,61334,0,0,307200,0,0,0,Total 0,Total 0,Total 0,Total 0,Total 0,Total 0,,
1586651817744291862,2,6143,798732470,0,798732470,48592159 347092333 350357616 52690362 0 0 0 0 0 0 0 0 0 0 0 0 0 0 0 0 0 0 0 0 0 0 0 0 0 0 0 0 0 0 0 0 0 0 0 0,37,38,0,0,0,2408448,7000064,9223372036854771712,9223372036854771712,0,9223372036854771712,,0,364544,0,0,,26815,26726,61334,0,0,307200,0,0,0,Total 0,Total 0,Total 0,Total 0,Total 0,Total 0,,
1586651817794365428,2,6143,798732470,0,798732470,48592159 347092333 350357616 52690362 0 0 0 0 0 0 0 0 0 0 0 0 0 0 0 0 0 0 0 0 0 0 0 0 0 0 0 0 0 0 0 0 0 0 0 0,37,38,0,0,0,2408448,7000064,9223372036854771712,9223372036854771712,0,9223372036854771712,,0,364544,0,0,,26815,26726,61334,0,0,307200,0,0,0,Total 0,Total 0,Total 0,Total 0,Total 0,Total 0,,
1586651817844440885,2,6143,798732470,0,798732470,48592159 347092333 350357616 52690362 0 0 0 0 0 0 0 0 0 0 0 0 0 0 0 0 0 0 0 0 0 0 0 0 0 0 0 0 0 0 0 0 0 0 0 0,37,38,0,0,0,2408448,7000064,9223372036854771712,9223372036854771712,0,9223372036854771712,,0,364544,0,0,,26815,26726,61334,0,0,307200,0,0,0,Total 0,Total 0,Total 0,Total 0,Total 0,Total 0,,
1586651817894515533,2,6143,798732470,0,798732470,48592159 347092333 350357616 52690362 0 0 0 0 0 0 0 0 0 0 0 0 0 0 0 0 0 0 0 0 0 0 0 0 0 0 0 0 0 0 0 0 0 0 0 0,37,38,0,0,0,2408448,7000064,9223372036854771712,9223372036854771712,0,9223372036854771712,,0,364544,0,0,,26815,26726,61334,0,0,307200,0,0,0,Total 0,Total 0,Total 0,Total 0,Total 0,Total 0,,
1586651817944549618,2,6143,798732470,0,798732470,48592159 347092333 350357616 52690362 0 0 0 0 0 0 0 0 0 0 0 0 0 0 0 0 0 0 0 0 0 0 0 0 0 0 0 0 0 0 0 0 0 0 0 0,37,38,0,0,0,2408448,7000064,9223372036854771712,9223372036854771712,0,9223372036854771712,,0,364544,0,0,,26815,26726,61334,0,0,307200,0,0,0,Total 0,Total 0,Total 0,Total 0,Total 0,Total 0,,
1586651817994623411,2,6143,798732470,0,798732470,48592159 347092333 350357616 52690362 0 0 0 0 0 0 0 0 0 0 0 0 0 0 0 0 0 0 0 0 0 0 0 0 0 0 0 0 0 0 0 0 0 0 0 0,37,38,0,0,0,2408448,7000064,9223372036854771712,9223372036854771712,0,9223372036854771712,,0,364544,0,0,,26815,26726,61334,0,0,307200,0,0,0,Total 0,Total 0,Total 0,Total 0,Total 0,Total 0,,
1586651818044696532,2,6143,798732470,0,798732470,48592159 347092333 350357616 52690362 0 0 0 0 0 0 0 0 0 0 0 0 0 0 0 0 0 0 0 0 0 0 0 0 0 0 0 0 0 0 0 0 0 0 0 0,37,38,0,0,0,2408448,7000064,9223372036854771712,9223372036854771712,0,9223372036854771712,,0,364544,0,0,,26815,26726,61334,0,0,307200,0,0,0,Total 0,Total 0,Total 0,Total 0,Total 0,Total 0,,
1586651818094747889,2,6143,798732470,0,798732470,48592159 347092333 350357616 52690362 0 0 0 0 0 0 0 0 0 0 0 0 0 0 0 0 0 0 0 0 0 0 0 0 0 0 0 0 0 0 0 0 0 0 0 0,37,38,0,0,0,2408448,7000064,9223372036854771712,9223372036854771712,0,9223372036854771712,,0,364544,0,0,,26815,26726,61334,0,0,307200,0,0,0,Total 0,Total 0,Total 0,Total 0,Total 0,Total 0,,
1586651818144857555,2,6143,798732470,0,798732470,48592159 347092333 350357616 52690362 0 0 0 0 0 0 0 0 0 0 0 0 0 0 0 0 0 0 0 0 0 0 0 0 0 0 0 0 0 0 0 0 0 0 0 0,37,38,0,0,0,2408448,7000064,9223372036854771712,9223372036854771712,0,9223372036854771712,,0,364544,0,0,,26815,26726,61334,0,0,307200,0,0,0,Total 0,Total 0,Total 0,Total 0,Total 0,Total 0,,
1586651818194931422,2,6143,798732470,0,798732470,48592159 347092333 350357616 52690362 0 0 0 0 0 0 0 0 0 0 0 0 0 0 0 0 0 0 0 0 0 0 0 0 0 0 0 0 0 0 0 0 0 0 0 0,37,38,0,0,0,2408448,7000064,9223372036854771712,9223372036854771712,0,9223372036854771712,,0,364544,0,0,,26815,26726,61334,0,0,307200,0,0,0,Total 0,Total 0,Total 0,Total 0,Total 0,Total 0,,
1586651818245006597,2,6143,798732470,0,798732470,48592159 347092333 350357616 52690362 0 0 0 0 0 0 0 0 0 0 0 0 0 0 0 0 0 0 0 0 0 0 0 0 0 0 0 0 0 0 0 0 0 0 0 0,37,38,0,0,0,2408448,7000064,9223372036854771712,9223372036854771712,0,9223372036854771712,,0,364544,0,0,,26815,26726,61334,0,0,307200,0,0,0,Total 0,Total 0,Total 0,Total 0,Total 0,Total 0,,
1586651818295078127,2,6143,798732470,0,798732470,48592159 347092333 350357616 52690362 0 0 0 0 0 0 0 0 0 0 0 0 0 0 0 0 0 0 0 0 0 0 0 0 0 0 0 0 0 0 0 0 0 0 0 0,37,38,0,0,0,2408448,7000064,9223372036854771712,9223372036854771712,0,9223372036854771712,,0,364544,0,0,,26815,26726,61334,0,0,307200,0,0,0,Total 0,Total 0,Total 0,Total 0,Total 0,Total 0,,
1586651818345152366,2,6143,798732470,0,798732470,48592159 347092333 350357616 52690362 0 0 0 0 0 0 0 0 0 0 0 0 0 0 0 0 0 0 0 0 0 0 0 0 0 0 0 0 0 0 0 0 0 0 0 0,37,38,0,0,0,2408448,7000064,9223372036854771712,9223372036854771712,0,9223372036854771712,,0,364544,0,0,,26815,26726,61334,0,0,307200,0,0,0,Total 0,Total 0,Total 0,Total 0,Total 0,Total 0,,
1586651818395227423,2,6143,798732470,0,798732470,48592159 347092333 350357616 52690362 0 0 0 0 0 0 0 0 0 0 0 0 0 0 0 0 0 0 0 0 0 0 0 0 0 0 0 0 0 0 0 0 0 0 0 0,37,38,0,0,0,2408448,7000064,9223372036854771712,9223372036854771712,0,9223372036854771712,,0,364544,0,0,,26815,26726,61334,0,0,307200,0,0,0,Total 0,Total 0,Total 0,Total 0,Total 0,Total 0,,
1586651818445269867,2,6143,798732470,0,798732470,48592159 347092333 350357616 52690362 0 0 0 0 0 0 0 0 0 0 0 0 0 0 0 0 0 0 0 0 0 0 0 0 0 0 0 0 0 0 0 0 0 0 0 0,37,38,0,0,0,2408448,7000064,9223372036854771712,9223372036854771712,0,9223372036854771712,,0,364544,0,0,,26815,26726,61334,0,0,307200,0,0,0,Total 0,Total 0,Total 0,Total 0,Total 0,Total 0,,
1586651818495374110,2,6143,798732470,0,798732470,48592159 347092333 350357616 52690362 0 0 0 0 0 0 0 0 0 0 0 0 0 0 0 0 0 0 0 0 0 0 0 0 0 0 0 0 0 0 0 0 0 0 0 0,37,38,0,0,0,2408448,7000064,9223372036854771712,9223372036854771712,0,9223372036854771712,,0,364544,0,0,,26815,26726,61334,0,0,307200,0,0,0,Total 0,Total 0,Total 0,Total 0,Total 0,Total 0,,
1586651818545446885,2,6143,798732470,0,798732470,48592159 347092333 350357616 52690362 0 0 0 0 0 0 0 0 0 0 0 0 0 0 0 0 0 0 0 0 0 0 0 0 0 0 0 0 0 0 0 0 0 0 0 0,37,38,0,0,0,2408448,7000064,9223372036854771712,9223372036854771712,0,9223372036854771712,,0,364544,0,0,,26815,26726,61334,0,0,307200,0,0,0,Total 0,Total 0,Total 0,Total 0,Total 0,Total 0,,
1586651818595519143,2,6143,798732470,0,798732470,48592159 347092333 350357616 52690362 0 0 0 0 0 0 0 0 0 0 0 0 0 0 0 0 0 0 0 0 0 0 0 0 0 0 0 0 0 0 0 0 0 0 0 0,37,38,0,0,0,2408448,7000064,9223372036854771712,9223372036854771712,0,9223372036854771712,,0,364544,0,0,,26815,26726,61334,0,0,307200,0,0,0,Total 0,Total 0,Total 0,Total 0,Total 0,Total 0,,
1586651818645591281,2,6143,798732470,0,798732470,48592159 347092333 350357616 52690362 0 0 0 0 0 0 0 0 0 0 0 0 0 0 0 0 0 0 0 0 0 0 0 0 0 0 0 0 0 0 0 0 0 0 0 0,37,38,0,0,0,2408448,7000064,9223372036854771712,9223372036854771712,0,9223372036854771712,,0,364544,0,0,,26815,26726,61334,0,0,307200,0,0,0,Total 0,Total 0,Total 0,Total 0,Total 0,Total 0,,
1586651818695665784,2,6143,798732470,0,798732470,48592159 347092333 350357616 52690362 0 0 0 0 0 0 0 0 0 0 0 0 0 0 0 0 0 0 0 0 0 0 0 0 0 0 0 0 0 0 0 0 0 0 0 0,37,38,0,0,0,2408448,7000064,9223372036854771712,9223372036854771712,0,9223372036854771712,,0,364544,0,0,,26815,26726,61334,0,0,307200,0,0,0,Total 0,Total 0,Total 0,Total 0,Total 0,Total 0,,
1586651818745744341,2,6143,798732470,0,798732470,48592159 347092333 350357616 52690362 0 0 0 0 0 0 0 0 0 0 0 0 0 0 0 0 0 0 0 0 0 0 0 0 0 0 0 0 0 0 0 0 0 0 0 0,37,38,0,0,0,2408448,7000064,9223372036854771712,9223372036854771712,0,9223372036854771712,,0,364544,0,0,,26815,26726,61334,0,0,307200,0,0,0,Total 0,Total 0,Total 0,Total 0,Total 0,Total 0,,
1586651818795816180,2,6143,798732470,0,798732470,48592159 347092333 350357616 52690362 0 0 0 0 0 0 0 0 0 0 0 0 0 0 0 0 0 0 0 0 0 0 0 0 0 0 0 0 0 0 0 0 0 0 0 0,37,38,0,0,0,2408448,7000064,9223372036854771712,9223372036854771712,0,9223372036854771712,,0,364544,0,0,,26815,26726,61334,0,0,307200,0,0,0,Total 0,Total 0,Total 0,Total 0,Total 0,Total 0,,
1586651818845890901,2,6143,798732470,0,798732470,48592159 347092333 350357616 52690362 0 0 0 0 0 0 0 0 0 0 0 0 0 0 0 0 0 0 0 0 0 0 0 0 0 0 0 0 0 0 0 0 0 0 0 0,37,38,0,0,0,2408448,7000064,9223372036854771712,9223372036854771712,0,9223372036854771712,,0,364544,0,0,,26815,26726,61334,0,0,307200,0,0,0,Total 0,Total 0,Total 0,Total 0,Total 0,Total 0,,
1586651818895961667,2,6143,798732470,0,798732470,48592159 347092333 350357616 52690362 0 0 0 0 0 0 0 0 0 0 0 0 0 0 0 0 0 0 0 0 0 0 0 0 0 0 0 0 0 0 0 0 0 0 0 0,37,38,0,0,0,2408448,7000064,9223372036854771712,9223372036854771712,0,9223372036854771712,,0,364544,0,0,,26815,26726,61334,0,0,307200,0,0,0,Total 0,Total 0,Total 0,Total 0,Total 0,Total 0,,
1586651818946040097,2,6143,799585390,0,799585390,49232966 347092333 350569729 52690362 0 0 0 0 0 0 0 0 0 0 0 0 0 0 0 0 0 0 0 0 0 0 0 0 0 0 0 0 0 0 0 0 0 0 0 0,37,38,0,0,0,2629632,7000064,9223372036854771712,9223372036854771712,0,9223372036854771712,,0,376832,0,0,,26853,26761,61426,0,0,303104,0,0,0,Total 0,Total 0,Total 0,Total 0,Total 0,Total 0,,
1586651818996100736,2,6143,799585390,0,799585390,49232966 347092333 350569729 52690362 0 0 0 0 0 0 0 0 0 0 0 0 0 0 0 0 0 0 0 0 0 0 0 0 0 0 0 0 0 0 0 0 0 0 0 0,37,38,0,0,0,2629632,7000064,9223372036854771712,9223372036854771712,0,9223372036854771712,,0,376832,0,0,,26853,26761,61426,0,0,303104,0,0,0,Total 0,Total 0,Total 0,Total 0,Total 0,Total 0,,
1586651819046170578,2,6143,799585390,0,799585390,49232966 347092333 350569729 52690362 0 0 0 0 0 0 0 0 0 0 0 0 0 0 0 0 0 0 0 0 0 0 0 0 0 0 0 0 0 0 0 0 0 0 0 0,37,38,0,0,0,2629632,7000064,9223372036854771712,9223372036854771712,0,9223372036854771712,,0,376832,0,0,,26853,26761,61426,0,0,303104,0,0,0,Total 0,Total 0,Total 0,Total 0,Total 0,Total 0,,
1586651819096240954,2,6143,799585390,0,799585390,49232966 347092333 350569729 52690362 0 0 0 0 0 0 0 0 0 0 0 0 0 0 0 0 0 0 0 0 0 0 0 0 0 0 0 0 0 0 0 0 0 0 0 0,37,38,0,0,0,2629632,7000064,9223372036854771712,9223372036854771712,0,9223372036854771712,,0,376832,0,0,,26853,26761,61426,0,0,303104,0,0,0,Total 0,Total 0,Total 0,Total 0,Total 0,Total 0,,
1586651819146318374,2,6143,799585390,0,799585390,49232966 347092333 350569729 52690362 0 0 0 0 0 0 0 0 0 0 0 0 0 0 0 0 0 0 0 0 0 0 0 0 0 0 0 0 0 0 0 0 0 0 0 0,37,38,0,0,0,2629632,7000064,9223372036854771712,9223372036854771712,0,9223372036854771712,,0,376832,0,0,,26853,26761,61426,0,0,303104,0,0,0,Total 0,Total 0,Total 0,Total 0,Total 0,Total 0,,
1586651819196390831,2,6143,799585390,0,799585390,49232966 347092333 350569729 52690362 0 0 0 0 0 0 0 0 0 0 0 0 0 0 0 0 0 0 0 0 0 0 0 0 0 0 0 0 0 0 0 0 0 0 0 0,37,38,0,0,0,2629632,7000064,9223372036854771712,9223372036854771712,0,9223372036854771712,,0,376832,0,0,,26853,26761,61426,0,0,303104,0,0,0,Total 0,Total 0,Total 0,Total 0,Total 0,Total 0,,
1586651819246467515,2,6143,799585390,0,799585390,49232966 347092333 350569729 52690362 0 0 0 0 0 0 0 0 0 0 0 0 0 0 0 0 0 0 0 0 0 0 0 0 0 0 0 0 0 0 0 0 0 0 0 0,37,38,0,0,0,2629632,7000064,9223372036854771712,9223372036854771712,0,9223372036854771712,,0,376832,0,0,,26853,26761,61426,0,0,303104,0,0,0,Total 0,Total 0,Total 0,Total 0,Total 0,Total 0,,
1586651819296539173,2,6143,799585390,0,799585390,49232966 347092333 350569729 52690362 0 0 0 0 0 0 0 0 0 0 0 0 0 0 0 0 0 0 0 0 0 0 0 0 0 0 0 0 0 0 0 0 0 0 0 0,37,38,0,0,0,2629632,7000064,9223372036854771712,9223372036854771712,0,9223372036854771712,,0,376832,0,0,,26853,26761,61426,0,0,303104,0,0,0,Total 0,Total 0,Total 0,Total 0,Total 0,Total 0,,
1586651819346613175,2,6143,799585390,0,799585390,49232966 347092333 350569729 52690362 0 0 0 0 0 0 0 0 0 0 0 0 0 0 0 0 0 0 0 0 0 0 0 0 0 0 0 0 0 0 0 0 0 0 0 0,37,38,0,0,0,2629632,7000064,9223372036854771712,9223372036854771712,0,9223372036854771712,,0,376832,0,0,,26853,26761,61426,0,0,303104,0,0,0,Total 0,Total 0,Total 0,Total 0,Total 0,Total 0,,
1586651819396684887,2,6143,799585390,0,799585390,49232966 347092333 350569729 52690362 0 0 0 0 0 0 0 0 0 0 0 0 0 0 0 0 0 0 0 0 0 0 0 0 0 0 0 0 0 0 0 0 0 0 0 0,37,38,0,0,0,2629632,7000064,9223372036854771712,9223372036854771712,0,9223372036854771712,,0,376832,0,0,,26853,26761,61426,0,0,303104,0,0,0,Total 0,Total 0,Total 0,Total 0,Total 0,Total 0,,
1586651819446747963,2,6143,799585390,0,799585390,49232966 347092333 350569729 52690362 0 0 0 0 0 0 0 0 0 0 0 0 0 0 0 0 0 0 0 0 0 0 0 0 0 0 0 0 0 0 0 0 0 0 0 0,37,38,0,0,0,2453504,7000064,9223372036854771712,9223372036854771712,0,9223372036854771712,,0,376832,0,0,,26853,26761,61426,0,0,303104,0,0,0,Total 0,Total 0,Total 0,Total 0,Total 0,Total 0,,
1586651819496792865,2,6143,799585390,0,799585390,49232966 347092333 350569729 52690362 0 0 0 0 0 0 0 0 0 0 0 0 0 0 0 0 0 0 0 0 0 0 0 0 0 0 0 0 0 0 0 0 0 0 0 0,37,38,0,0,0,2453504,7000064,9223372036854771712,9223372036854771712,0,9223372036854771712,,0,376832,0,0,,26853,26761,61426,0,0,303104,0,0,0,Total 0,Total 0,Total 0,Total 0,Total 0,Total 0,,
1586651819546866677,2,6143,799585390,0,799585390,49232966 347092333 350569729 52690362 0 0 0 0 0 0 0 0 0 0 0 0 0 0 0 0 0 0 0 0 0 0 0 0 0 0 0 0 0 0 0 0 0 0 0 0,37,38,0,0,0,2453504,7000064,9223372036854771712,9223372036854771712,0,9223372036854771712,,0,376832,0,0,,26853,26761,61426,0,0,303104,0,0,0,Total 0,Total 0,Total 0,Total 0,Total 0,Total 0,,
1586651819596972819,2,6143,799585390,0,799585390,49232966 347092333 350569729 52690362 0 0 0 0 0 0 0 0 0 0 0 0 0 0 0 0 0 0 0 0 0 0 0 0 0 0 0 0 0 0 0 0 0 0 0 0,37,38,0,0,0,2453504,7000064,9223372036854771712,9223372036854771712,0,9223372036854771712,,0,376832,0,0,,26853,26761,61426,0,0,303104,0,0,0,Total 0,Total 0,Total 0,Total 0,Total 0,Total 0,,
1586651819647043031,2,6143,799585390,0,799585390,49232966 347092333 350569729 52690362 0 0 0 0 0 0 0 0 0 0 0 0 0 0 0 0 0 0 0 0 0 0 0 0 0 0 0 0 0 0 0 0 0 0 0 0,37,38,0,0,0,2453504,7000064,9223372036854771712,9223372036854771712,0,9223372036854771712,,0,376832,0,0,,26853,26761,61426,0,0,303104,0,0,0,Total 0,Total 0,Total 0,Total 0,Total 0,Total 0,,
1586651819697118697,2,6143,799585390,0,799585390,49232966 347092333 350569729 52690362 0 0 0 0 0 0 0 0 0 0 0 0 0 0 0 0 0 0 0 0 0 0 0 0 0 0 0 0 0 0 0 0 0 0 0 0,37,38,0,0,0,2453504,7000064,9223372036854771712,9223372036854771712,0,9223372036854771712,,0,376832,0,0,,26853,26761,61426,0,0,303104,0,0,0,Total 0,Total 0,Total 0,Total 0,Total 0,Total 0,,
1586651819747194054,2,6143,799585390,0,799585390,49232966 347092333 350569729 52690362 0 0 0 0 0 0 0 0 0 0 0 0 0 0 0 0 0 0 0 0 0 0 0 0 0 0 0 0 0 0 0 0 0 0 0 0,37,38,0,0,0,2453504,7000064,9223372036854771712,9223372036854771712,0,9223372036854771712,,0,376832,0,0,,26853,26761,61426,0,0,303104,0,0,0,Total 0,Total 0,Total 0,Total 0,Total 0,Total 0,,
1586651819797269348,2,6143,799585390,0,799585390,49232966 347092333 350569729 52690362 0 0 0 0 0 0 0 0 0 0 0 0 0 0 0 0 0 0 0 0 0 0 0 0 0 0 0 0 0 0 0 0 0 0 0 0,37,38,0,0,0,2453504,7000064,9223372036854771712,9223372036854771712,0,9223372036854771712,,0,376832,0,0,,26853,26761,61426,0,0,303104,0,0,0,Total 0,Total 0,Total 0,Total 0,Total 0,Total 0,,
1586651819847339404,2,6143,799585390,0,799585390,49232966 347092333 350569729 52690362 0 0 0 0 0 0 0 0 0 0 0 0 0 0 0 0 0 0 0 0 0 0 0 0 0 0 0 0 0 0 0 0 0 0 0 0,37,38,0,0,0,2453504,7000064,9223372036854771712,9223372036854771712,0,9223372036854771712,,0,376832,0,0,,26853,26761,61426,0,0,303104,0,0,0,Total 0,Total 0,Total 0,Total 0,Total 0,Total 0,,
1586651819897414370,2,6143,799585390,0,799585390,49232966 347092333 350569729 52690362 0 0 0 0 0 0 0 0 0 0 0 0 0 0 0 0 0 0 0 0 0 0 0 0 0 0 0 0 0 0 0 0 0 0 0 0,37,38,0,0,0,2453504,7000064,9223372036854771712,9223372036854771712,0,9223372036854771712,,0,376832,0,0,,26853,26761,61426,0,0,303104,0,0,0,Total 0,Total 0,Total 0,Total 0,Total 0,Total 0,,
1586651819947486445,2,6143,799585390,0,799585390,49232966 347092333 350569729 52690362 0 0 0 0 0 0 0 0 0 0 0 0 0 0 0 0 0 0 0 0 0 0 0 0 0 0 0 0 0 0 0 0 0 0 0 0,37,38,0,0,0,2453504,7000064,9223372036854771712,9223372036854771712,0,9223372036854771712,,0,376832,0,0,,26853,26761,61426,0,0,303104,0,0,0,Total 0,Total 0,Total 0,Total 0,Total 0,Total 0,,
1586651819997561304,2,6143,799585390,0,799585390,49232966 347092333 350569729 52690362 0 0 0 0 0 0 0 0 0 0 0 0 0 0 0 0 0 0 0 0 0 0 0 0 0 0 0 0 0 0 0 0 0 0 0 0,37,38,0,0,0,2453504,7000064,9223372036854771712,9223372036854771712,0,9223372036854771712,,0,376832,0,0,,26853,26761,61426,0,0,303104,0,0,0,Total 0,Total 0,Total 0,Total 0,Total 0,Total 0,,
1586651820047603458,2,6143,799585390,0,799585390,49232966 347092333 350569729 52690362 0 0 0 0 0 0 0 0 0 0 0 0 0 0 0 0 0 0 0 0 0 0 0 0 0 0 0 0 0 0 0 0 0 0 0 0,37,38,0,0,0,2453504,7000064,9223372036854771712,9223372036854771712,0,9223372036854771712,,0,376832,0,0,,26853,26761,61426,0,0,303104,0,0,0,Total 0,Total 0,Total 0,Total 0,Total 0,Total 0,,
1586651820097666773,2,6143,799585390,0,799585390,49232966 347092333 350569729 52690362 0 0 0 0 0 0 0 0 0 0 0 0 0 0 0 0 0 0 0 0 0 0 0 0 0 0 0 0 0 0 0 0 0 0 0 0,37,38,0,0,0,2453504,7000064,9223372036854771712,9223372036854771712,0,9223372036854771712,,0,376832,0,0,,26853,26761,61426,0,0,303104,0,0,0,Total 0,Total 0,Total 0,Total 0,Total 0,Total 0,,
1586651820147740420,2,6143,799585390,0,799585390,49232966 347092333 350569729 52690362 0 0 0 0 0 0 0 0 0 0 0 0 0 0 0 0 0 0 0 0 0 0 0 0 0 0 0 0 0 0 0 0 0 0 0 0,37,38,0,0,0,2453504,7000064,9223372036854771712,9223372036854771712,0,9223372036854771712,,0,376832,0,0,,26853,26761,61426,0,0,303104,0,0,0,Total 0,Total 0,Total 0,Total 0,Total 0,Total 0,,
1586651820197816371,2,6143,799585390,0,799585390,49232966 347092333 350569729 52690362 0 0 0 0 0 0 0 0 0 0 0 0 0 0 0 0 0 0 0 0 0 0 0 0 0 0 0 0 0 0 0 0 0 0 0 0,37,38,0,0,0,2453504,7000064,9223372036854771712,9223372036854771712,0,9223372036854771712,,0,376832,0,0,,26853,26761,61426,0,0,303104,0,0,0,Total 0,Total 0,Total 0,Total 0,Total 0,Total 0,,
1586651820247917189,2,6143,799585390,0,799585390,49232966 347092333 350569729 52690362 0 0 0 0 0 0 0 0 0 0 0 0 0 0 0 0 0 0 0 0 0 0 0 0 0 0 0 0 0 0 0 0 0 0 0 0,37,38,0,0,0,2453504,7000064,9223372036854771712,9223372036854771712,0,9223372036854771712,,0,376832,0,0,,26853,26761,61426,0,0,303104,0,0,0,Total 0,Total 0,Total 0,Total 0,Total 0,Total 0,,
1586651820297977774,2,6143,799585390,0,799585390,49232966 347092333 350569729 52690362 0 0 0 0 0 0 0 0 0 0 0 0 0 0 0 0 0 0 0 0 0 0 0 0 0 0 0 0 0 0 0 0 0 0 0 0,37,38,0,0,0,2453504,7000064,9223372036854771712,9223372036854771712,0,9223372036854771712,,0,376832,0,0,,26853,26761,61426,0,0,303104,0,0,0,Total 0,Total 0,Total 0,Total 0,Total 0,Total 0,,
1586651820348025210,2,6143,799585390,0,799585390,49232966 347092333 350569729 52690362 0 0 0 0 0 0 0 0 0 0 0 0 0 0 0 0 0 0 0 0 0 0 0 0 0 0 0 0 0 0 0 0 0 0 0 0,37,38,0,0,0,2453504,7000064,9223372036854771712,9223372036854771712,0,9223372036854771712,,0,376832,0,0,,26853,26761,61426,0,0,303104,0,0,0,Total 0,Total 0,Total 0,Total 0,Total 0,Total 0,,
1586651820398101773,2,6143,799585390,0,799585390,49232966 347092333 350569729 52690362 0 0 0 0 0 0 0 0 0 0 0 0 0 0 0 0 0 0 0 0 0 0 0 0 0 0 0 0 0 0 0 0 0 0 0 0,37,38,0,0,0,2453504,7000064,9223372036854771712,9223372036854771712,0,9223372036854771712,,0,376832,0,0,,26853,26761,61426,0,0,303104,0,0,0,Total 0,Total 0,Total 0,Total 0,Total 0,Total 0,,
1586651820448201123,2,6143,799585390,0,799585390,49232966 347092333 350569729 52690362 0 0 0 0 0 0 0 0 0 0 0 0 0 0 0 0 0 0 0 0 0 0 0 0 0 0 0 0 0 0 0 0 0 0 0 0,37,38,0,0,0,2453504,7000064,9223372036854771712,9223372036854771712,0,9223372036854771712,,0,376832,0,0,,26853,26761,61426,0,0,303104,0,0,0,Total 0,Total 0,Total 0,Total 0,Total 0,Total 0,,
1586651820498276957,2,6143,799585390,0,799585390,49232966 347092333 350569729 52690362 0 0 0 0 0 0 0 0 0 0 0 0 0 0 0 0 0 0 0 0 0 0 0 0 0 0 0 0 0 0 0 0 0 0 0 0,37,38,0,0,0,2453504,7000064,9223372036854771712,9223372036854771712,0,9223372036854771712,,0,376832,0,0,,26853,26761,61426,0,0,303104,0,0,0,Total 0,Total 0,Total 0,Total 0,Total 0,Total 0,,
1586651820548350968,2,6143,799585390,0,799585390,49232966 347092333 350569729 52690362 0 0 0 0 0 0 0 0 0 0 0 0 0 0 0 0 0 0 0 0 0 0 0 0 0 0 0 0 0 0 0 0 0 0 0 0,37,38,0,0,0,2453504,7000064,9223372036854771712,9223372036854771712,0,9223372036854771712,,0,376832,0,0,,26853,26761,61426,0,0,303104,0,0,0,Total 0,Total 0,Total 0,Total 0,Total 0,Total 0,,
1586651820598424826,2,6143,799585390,0,799585390,49232966 347092333 350569729 52690362 0 0 0 0 0 0 0 0 0 0 0 0 0 0 0 0 0 0 0 0 0 0 0 0 0 0 0 0 0 0 0 0 0 0 0 0,37,38,0,0,0,2453504,7000064,9223372036854771712,9223372036854771712,0,9223372036854771712,,0,376832,0,0,,26853,26761,61426,0,0,303104,0,0,0,Total 0,Total 0,Total 0,Total 0,Total 0,Total 0,,
1586651820648499630,2,6143,799585390,0,799585390,49232966 347092333 350569729 52690362 0 0 0 0 0 0 0 0 0 0 0 0 0 0 0 0 0 0 0 0 0 0 0 0 0 0 0 0 0 0 0 0 0 0 0 0,37,38,0,0,0,2453504,7000064,9223372036854771712,9223372036854771712,0,9223372036854771712,,0,376832,0,0,,26853,26761,61426,0,0,303104,0,0,0,Total 0,Total 0,Total 0,Total 0,Total 0,Total 0,,
1586651820698570504,2,6143,799585390,0,799585390,49232966 347092333 350569729 52690362 0 0 0 0 0 0 0 0 0 0 0 0 0 0 0 0 0 0 0 0 0 0 0 0 0 0 0 0 0 0 0 0 0 0 0 0,37,38,0,0,0,2453504,7000064,9223372036854771712,9223372036854771712,0,9223372036854771712,,0,376832,0,0,,26853,26761,61426,0,0,303104,0,0,0,Total 0,Total 0,Total 0,Total 0,Total 0,Total 0,,
1586651820748645360,2,6143,799585390,0,799585390,49232966 347092333 350569729 52690362 0 0 0 0 0 0 0 0 0 0 0 0 0 0 0 0 0 0 0 0 0 0 0 0 0 0 0 0 0 0 0 0 0 0 0 0,37,38,0,0,0,2453504,7000064,9223372036854771712,9223372036854771712,0,9223372036854771712,,0,376832,0,0,,26853,26761,61426,0,0,303104,0,0,0,Total 0,Total 0,Total 0,Total 0,Total 0,Total 0,,
1586651820798717709,2,6143,799585390,0,799585390,49232966 347092333 350569729 52690362 0 0 0 0 0 0 0 0 0 0 0 0 0 0 0 0 0 0 0 0 0 0 0 0 0 0 0 0 0 0 0 0 0 0 0 0,37,38,0,0,0,2453504,7000064,9223372036854771712,9223372036854771712,0,9223372036854771712,,0,376832,0,0,,26853,26761,61426,0,0,303104,0,0,0,Total 0,Total 0,Total 0,Total 0,Total 0,Total 0,,
1586651820848795094,2,6143,799585390,0,799585390,49232966 347092333 350569729 52690362 0 0 0 0 0 0 0 0 0 0 0 0 0 0 0 0 0 0 0 0 0 0 0 0 0 0 0 0 0 0 0 0 0 0 0 0,37,38,0,0,0,2453504,7000064,9223372036854771712,9223372036854771712,0,9223372036854771712,,0,376832,0,0,,26853,26761,61426,0,0,303104,0,0,0,Total 0,Total 0,Total 0,Total 0,Total 0,Total 0,,
1586651820898866588,2,6143,799585390,0,799585390,49232966 347092333 350569729 52690362 0 0 0 0 0 0 0 0 0 0 0 0 0 0 0 0 0 0 0 0 0 0 0 0 0 0 0 0 0 0 0 0 0 0 0 0,37,38,0,0,0,2453504,7000064,9223372036854771712,9223372036854771712,0,9223372036854771712,,0,376832,0,0,,26853,26761,61426,0,0,303104,0,0,0,Total 0,Total 0,Total 0,Total 0,Total 0,Total 0,,
1586651820948906824,2,6143,800450993,0,800450993,49232966 347188064 350788171 53241792 0 0 0 0 0 0 0 0 0 0 0 0 0 0 0 0 0 0 0 0 0 0 0 0 0 0 0 0 0 0 0 0 0 0 0 0,37,38,0,0,0,2662400,7000064,9223372036854771712,9223372036854771712,0,9223372036854771712,,0,380928,0,0,,26892,26799,61517,0,0,307200,0,0,0,Total 0,Total 0,Total 0,Total 0,Total 0,Total 0,,
1586651820998991448,2,6143,800450993,0,800450993,49232966 347188064 350788171 53241792 0 0 0 0 0 0 0 0 0 0 0 0 0 0 0 0 0 0 0 0 0 0 0 0 0 0 0 0 0 0 0 0 0 0 0 0,37,38,0,0,0,2662400,7000064,9223372036854771712,9223372036854771712,0,9223372036854771712,,0,380928,0,0,,26892,26799,61517,0,0,307200,0,0,0,Total 0,Total 0,Total 0,Total 0,Total 0,Total 0,,
1586651821049064669,2,6143,800450993,0,800450993,49232966 347188064 350788171 53241792 0 0 0 0 0 0 0 0 0 0 0 0 0 0 0 0 0 0 0 0 0 0 0 0 0 0 0 0 0 0 0 0 0 0 0 0,37,38,0,0,0,2662400,7000064,9223372036854771712,9223372036854771712,0,9223372036854771712,,0,380928,0,0,,26892,26799,61517,0,0,307200,0,0,0,Total 0,Total 0,Total 0,Total 0,Total 0,Total 0,,
1586651821099135053,2,6143,800450993,0,800450993,49232966 347188064 350788171 53241792 0 0 0 0 0 0 0 0 0 0 0 0 0 0 0 0 0 0 0 0 0 0 0 0 0 0 0 0 0 0 0 0 0 0 0 0,37,38,0,0,0,2662400,7000064,9223372036854771712,9223372036854771712,0,9223372036854771712,,0,380928,0,0,,26892,26799,61517,0,0,307200,0,0,0,Total 0,Total 0,Total 0,Total 0,Total 0,Total 0,,
1586651821149211263,2,6143,800450993,0,800450993,49232966 347188064 350788171 53241792 0 0 0 0 0 0 0 0 0 0 0 0 0 0 0 0 0 0 0 0 0 0 0 0 0 0 0 0 0 0 0 0 0 0 0 0,37,38,0,0,0,2662400,7000064,9223372036854771712,9223372036854771712,0,9223372036854771712,,0,380928,0,0,,26892,26799,61517,0,0,307200,0,0,0,Total 0,Total 0,Total 0,Total 0,Total 0,Total 0,,
1586651821199256947,2,6143,800450993,0,800450993,49232966 347188064 350788171 53241792 0 0 0 0 0 0 0 0 0 0 0 0 0 0 0 0 0 0 0 0 0 0 0 0 0 0 0 0 0 0 0 0 0 0 0 0,37,38,0,0,0,2662400,7000064,9223372036854771712,9223372036854771712,0,9223372036854771712,,0,380928,0,0,,26892,26799,61517,0,0,307200,0,0,0,Total 0,Total 0,Total 0,Total 0,Total 0,Total 0,,
1586651821249331830,2,6143,800450993,0,800450993,49232966 347188064 350788171 53241792 0 0 0 0 0 0 0 0 0 0 0 0 0 0 0 0 0 0 0 0 0 0 0 0 0 0 0 0 0 0 0 0 0 0 0 0,37,38,0,0,0,2662400,7000064,9223372036854771712,9223372036854771712,0,9223372036854771712,,0,380928,0,0,,26892,26799,61517,0,0,307200,0,0,0,Total 0,Total 0,Total 0,Total 0,Total 0,Total 0,,
1586651821299406098,2,6143,800450993,0,800450993,49232966 347188064 350788171 53241792 0 0 0 0 0 0 0 0 0 0 0 0 0 0 0 0 0 0 0 0 0 0 0 0 0 0 0 0 0 0 0 0 0 0 0 0,37,38,0,0,0,2662400,7000064,9223372036854771712,9223372036854771712,0,9223372036854771712,,0,380928,0,0,,26892,26799,61517,0,0,307200,0,0,0,Total 0,Total 0,Total 0,Total 0,Total 0,Total 0,,
1586651821349480466,2,6143,800450993,0,800450993,49232966 347188064 350788171 53241792 0 0 0 0 0 0 0 0 0 0 0 0 0 0 0 0 0 0 0 0 0 0 0 0 0 0 0 0 0 0 0 0 0 0 0 0,37,38,0,0,0,2662400,7000064,9223372036854771712,9223372036854771712,0,9223372036854771712,,0,380928,0,0,,26892,26799,61517,0,0,307200,0,0,0,Total 0,Total 0,Total 0,Total 0,Total 0,Total 0,,
1586651821399581141,2,6143,800450993,0,800450993,49232966 347188064 350788171 53241792 0 0 0 0 0 0 0 0 0 0 0 0 0 0 0 0 0 0 0 0 0 0 0 0 0 0 0 0 0 0 0 0 0 0 0 0,37,38,0,0,0,2662400,7000064,9223372036854771712,9223372036854771712,0,9223372036854771712,,0,380928,0,0,,26892,26799,61517,0,0,307200,0,0,0,Total 0,Total 0,Total 0,Total 0,Total 0,Total 0,,
1586651821449627114,2,6143,800450993,0,800450993,49232966 347188064 350788171 53241792 0 0 0 0 0 0 0 0 0 0 0 0 0 0 0 0 0 0 0 0 0 0 0 0 0 0 0 0 0 0 0 0 0 0 0 0,37,38,0,0,0,2478080,7000064,9223372036854771712,9223372036854771712,0,9223372036854771712,,0,380928,0,0,,26892,26799,61517,0,0,348160,0,0,0,Total 0,Total 0,Total 0,Total 0,Total 0,Total 0,,
1586651821499742929,2,6143,800450993,0,800450993,49232966 347188064 350788171 53241792 0 0 0 0 0 0 0 0 0 0 0 0 0 0 0 0 0 0 0 0 0 0 0 0 0 0 0 0 0 0 0 0 0 0 0 0,37,38,0,0,0,2478080,7000064,9223372036854771712,9223372036854771712,0,9223372036854771712,,0,380928,0,0,,26892,26799,61517,0,0,348160,0,0,0,Total 0,Total 0,Total 0,Total 0,Total 0,Total 0,,
1586651821549815840,2,6143,800450993,0,800450993,49232966 347188064 350788171 53241792 0 0 0 0 0 0 0 0 0 0 0 0 0 0 0 0 0 0 0 0 0 0 0 0 0 0 0 0 0 0 0 0 0 0 0 0,37,38,0,0,0,2478080,7000064,9223372036854771712,9223372036854771712,0,9223372036854771712,,0,380928,0,0,,26892,26799,61517,0,0,348160,0,0,0,Total 0,Total 0,Total 0,Total 0,Total 0,Total 0,,
1586651821599893324,2,6143,800450993,0,800450993,49232966 347188064 350788171 53241792 0 0 0 0 0 0 0 0 0 0 0 0 0 0 0 0 0 0 0 0 0 0 0 0 0 0 0 0 0 0 0 0 0 0 0 0,37,38,0,0,0,2478080,7000064,9223372036854771712,9223372036854771712,0,9223372036854771712,,0,380928,0,0,,26892,26799,61517,0,0,348160,0,0,0,Total 0,Total 0,Total 0,Total 0,Total 0,Total 0,,
1586651821649964918,2,6143,800450993,0,800450993,49232966 347188064 350788171 53241792 0 0 0 0 0 0 0 0 0 0 0 0 0 0 0 0 0 0 0 0 0 0 0 0 0 0 0 0 0 0 0 0 0 0 0 0,37,38,0,0,0,2478080,7000064,9223372036854771712,9223372036854771712,0,9223372036854771712,,0,380928,0,0,,26892,26799,61517,0,0,348160,0,0,0,Total 0,Total 0,Total 0,Total 0,Total 0,Total 0,,
1586651821700039830,2,6143,800450993,0,800450993,49232966 347188064 350788171 53241792 0 0 0 0 0 0 0 0 0 0 0 0 0 0 0 0 0 0 0 0 0 0 0 0 0 0 0 0 0 0 0 0 0 0 0 0,37,38,0,0,0,2478080,7000064,9223372036854771712,9223372036854771712,0,9223372036854771712,,0,380928,0,0,,26892,26799,61517,0,0,348160,0,0,0,Total 0,Total 0,Total 0,Total 0,Total 0,Total 0,,
1586651821750110196,2,6143,800450993,0,800450993,49232966 347188064 350788171 53241792 0 0 0 0 0 0 0 0 0 0 0 0 0 0 0 0 0 0 0 0 0 0 0 0 0 0 0 0 0 0 0 0 0 0 0 0,37,38,0,0,0,2478080,7000064,9223372036854771712,9223372036854771712,0,9223372036854771712,,0,380928,0,0,,26892,26799,61517,0,0,348160,0,0,0,Total 0,Total 0,Total 0,Total 0,Total 0,Total 0,,
1586651821800186117,2,6143,800450993,0,800450993,49232966 347188064 350788171 53241792 0 0 0 0 0 0 0 0 0 0 0 0 0 0 0 0 0 0 0 0 0 0 0 0 0 0 0 0 0 0 0 0 0 0 0 0,37,38,0,0,0,2478080,7000064,9223372036854771712,9223372036854771712,0,9223372036854771712,,0,380928,0,0,,26892,26799,61517,0,0,348160,0,0,0,Total 0,Total 0,Total 0,Total 0,Total 0,Total 0,,
1586651821850247027,2,6143,800450993,0,800450993,49232966 347188064 350788171 53241792 0 0 0 0 0 0 0 0 0 0 0 0 0 0 0 0 0 0 0 0 0 0 0 0 0 0 0 0 0 0 0 0 0 0 0 0,37,38,0,0,0,2478080,7000064,9223372036854771712,9223372036854771712,0,9223372036854771712,,0,380928,0,0,,26892,26799,61517,0,0,348160,0,0,0,Total 0,Total 0,Total 0,Total 0,Total 0,Total 0,,
1586651821900302768,2,6143,800450993,0,800450993,49232966 347188064 350788171 53241792 0 0 0 0 0 0 0 0 0 0 0 0 0 0 0 0 0 0 0 0 0 0 0 0 0 0 0 0 0 0 0 0 0 0 0 0,37,38,0,0,0,2478080,7000064,9223372036854771712,9223372036854771712,0,9223372036854771712,,0,380928,0,0,,26892,26799,61517,0,0,348160,0,0,0,Total 0,Total 0,Total 0,Total 0,Total 0,Total 0,,
1586651821950334721,2,6143,800450993,0,800450993,49232966 347188064 350788171 53241792 0 0 0 0 0 0 0 0 0 0 0 0 0 0 0 0 0 0 0 0 0 0 0 0 0 0 0 0 0 0 0 0 0 0 0 0,37,38,0,0,0,2478080,7000064,9223372036854771712,9223372036854771712,0,9223372036854771712,,0,380928,0,0,,26892,26799,61517,0,0,348160,0,0,0,Total 0,Total 0,Total 0,Total 0,Total 0,Total 0,,
1586651822000424553,2,6143,800450993,0,800450993,49232966 347188064 350788171 53241792 0 0 0 0 0 0 0 0 0 0 0 0 0 0 0 0 0 0 0 0 0 0 0 0 0 0 0 0 0 0 0 0 0 0 0 0,37,38,0,0,0,2478080,7000064,9223372036854771712,9223372036854771712,0,9223372036854771712,,0,380928,0,0,,26892,26799,61517,0,0,348160,0,0,0,Total 0,Total 0,Total 0,Total 0,Total 0,Total 0,,
1586651822050468470,2,6143,800450993,0,800450993,49232966 347188064 350788171 53241792 0 0 0 0 0 0 0 0 0 0 0 0 0 0 0 0 0 0 0 0 0 0 0 0 0 0 0 0 0 0 0 0 0 0 0 0,37,38,0,0,0,2478080,7000064,9223372036854771712,9223372036854771712,0,9223372036854771712,,0,380928,0,0,,26892,26799,61517,0,0,348160,0,0,0,Total 0,Total 0,Total 0,Total 0,Total 0,Total 0,,
1586651822100507911,2,6143,800450993,0,800450993,49232966 347188064 350788171 53241792 0 0 0 0 0 0 0 0 0 0 0 0 0 0 0 0 0 0 0 0 0 0 0 0 0 0 0 0 0 0 0 0 0 0 0 0,37,38,0,0,0,2478080,7000064,9223372036854771712,9223372036854771712,0,9223372036854771712,,0,380928,0,0,,26892,26799,61517,0,0,364544,0,0,0,Total 0,Total 0,Total 0,Total 0,Total 0,Total 0,,
1586651822150569350,2,6143,800450993,0,800450993,49232966 347188064 350788171 53241792 0 0 0 0 0 0 0 0 0 0 0 0 0 0 0 0 0 0 0 0 0 0 0 0 0 0 0 0 0 0 0 0 0 0 0 0,37,38,0,0,0,2478080,7000064,9223372036854771712,9223372036854771712,0,9223372036854771712,,0,380928,0,0,,26892,26799,61517,0,0,364544,0,0,0,Total 0,Total 0,Total 0,Total 0,Total 0,Total 0,,
1586651822200644287,2,6143,800450993,0,800450993,49232966 347188064 350788171 53241792 0 0 0 0 0 0 0 0 0 0 0 0 0 0 0 0 0 0 0 0 0 0 0 0 0 0 0 0 0 0 0 0 0 0 0 0,37,38,0,0,0,2478080,7000064,9223372036854771712,9223372036854771712,0,9223372036854771712,,0,380928,0,0,,26892,26799,61517,0,0,364544,0,0,0,Total 0,Total 0,Total 0,Total 0,Total 0,Total 0,,
1586651822250719308,2,6143,800450993,0,800450993,49232966 347188064 350788171 53241792 0 0 0 0 0 0 0 0 0 0 0 0 0 0 0 0 0 0 0 0 0 0 0 0 0 0 0 0 0 0 0 0 0 0 0 0,37,38,0,0,0,2478080,7000064,9223372036854771712,9223372036854771712,0,9223372036854771712,,0,380928,0,0,,26892,26799,61517,0,0,364544,0,0,0,Total 0,Total 0,Total 0,Total 0,Total 0,Total 0,,
1586651822300825263,2,6143,800450993,0,800450993,49232966 347188064 350788171 53241792 0 0 0 0 0 0 0 0 0 0 0 0 0 0 0 0 0 0 0 0 0 0 0 0 0 0 0 0 0 0 0 0 0 0 0 0,37,38,0,0,0,2478080,7000064,9223372036854771712,9223372036854771712,0,9223372036854771712,,0,380928,0,0,,26892,26799,61517,0,0,364544,0,0,0,Total 0,Total 0,Total 0,Total 0,Total 0,Total 0,,
1586651822350899884,2,6143,800450993,0,800450993,49232966 347188064 350788171 53241792 0 0 0 0 0 0 0 0 0 0 0 0 0 0 0 0 0 0 0 0 0 0 0 0 0 0 0 0 0 0 0 0 0 0 0 0,37,38,0,0,0,2478080,7000064,9223372036854771712,9223372036854771712,0,9223372036854771712,,0,380928,0,0,,26892,26799,61517,0,0,364544,0,0,0,Total 0,Total 0,Total 0,Total 0,Total 0,Total 0,,
1586651822400971987,2,6143,800450993,0,800450993,49232966 347188064 350788171 53241792 0 0 0 0 0 0 0 0 0 0 0 0 0 0 0 0 0 0 0 0 0 0 0 0 0 0 0 0 0 0 0 0 0 0 0 0,37,38,0,0,0,2478080,7000064,9223372036854771712,9223372036854771712,0,9223372036854771712,,0,380928,0,0,,26892,26799,61517,0,0,364544,0,0,0,Total 0,Total 0,Total 0,Total 0,Total 0,Total 0,,
1586651822451037215,2,6143,800450993,0,800450993,49232966 347188064 350788171 53241792 0 0 0 0 0 0 0 0 0 0 0 0 0 0 0 0 0 0 0 0 0 0 0 0 0 0 0 0 0 0 0 0 0 0 0 0,37,38,0,0,0,2400256,7000064,9223372036854771712,9223372036854771712,0,9223372036854771712,,0,380928,0,0,,26892,26799,61517,0,0,364544,0,0,0,Total 0,Total 0,Total 0,Total 0,Total 0,Total 0,,
1586651822501100146,2,6143,800450993,0,800450993,49232966 347188064 350788171 53241792 0 0 0 0 0 0 0 0 0 0 0 0 0 0 0 0 0 0 0 0 0 0 0 0 0 0 0 0 0 0 0 0 0 0 0 0,37,38,0,0,0,2400256,7000064,9223372036854771712,9223372036854771712,0,9223372036854771712,,0,380928,0,0,,26892,26799,61517,0,0,364544,0,0,0,Total 0,Total 0,Total 0,Total 0,Total 0,Total 0,,
1586651822551157913,2,6143,800450993,0,800450993,49232966 347188064 350788171 53241792 0 0 0 0 0 0 0 0 0 0 0 0 0 0 0 0 0 0 0 0 0 0 0 0 0 0 0 0 0 0 0 0 0 0 0 0,37,38,0,0,0,2400256,7000064,9223372036854771712,9223372036854771712,0,9223372036854771712,,0,380928,0,0,,26892,26799,61517,0,0,364544,0,0,0,Total 0,Total 0,Total 0,Total 0,Total 0,Total 0,,
1586651822601217352,2,6143,800450993,0,800450993,49232966 347188064 350788171 53241792 0 0 0 0 0 0 0 0 0 0 0 0 0 0 0 0 0 0 0 0 0 0 0 0 0 0 0 0 0 0 0 0 0 0 0 0,37,38,0,0,0,2400256,7000064,9223372036854771712,9223372036854771712,0,9223372036854771712,,0,380928,0,0,,26892,26799,61517,0,0,364544,0,0,0,Total 0,Total 0,Total 0,Total 0,Total 0,Total 0,,
1586651822651275018,2,6143,800450993,0,800450993,49232966 347188064 350788171 53241792 0 0 0 0 0 0 0 0 0 0 0 0 0 0 0 0 0 0 0 0 0 0 0 0 0 0 0 0 0 0 0 0 0 0 0 0,37,38,0,0,0,2400256,7000064,9223372036854771712,9223372036854771712,0,9223372036854771712,,0,380928,0,0,,26892,26799,61517,0,0,364544,0,0,0,Total 0,Total 0,Total 0,Total 0,Total 0,Total 0,,
1586651822701335130,2,6143,800450993,0,800450993,49232966 347188064 350788171 53241792 0 0 0 0 0 0 0 0 0 0 0 0 0 0 0 0 0 0 0 0 0 0 0 0 0 0 0 0 0 0 0 0 0 0 0 0,37,38,0,0,0,2400256,7000064,9223372036854771712,9223372036854771712,0,9223372036854771712,,0,380928,0,0,,26892,26799,61517,0,0,364544,0,0,0,Total 0,Total 0,Total 0,Total 0,Total 0,Total 0,,
1586651822751391532,2,6143,800450993,0,800450993,49232966 347188064 350788171 53241792 0 0 0 0 0 0 0 0 0 0 0 0 0 0 0 0 0 0 0 0 0 0 0 0 0 0 0 0 0 0 0 0 0 0 0 0,37,38,0,0,0,2400256,7000064,9223372036854771712,9223372036854771712,0,9223372036854771712,,0,380928,0,0,,26892,26799,61517,0,0,364544,0,0,0,Total 0,Total 0,Total 0,Total 0,Total 0,Total 0,,
1586651822801424183,2,6143,800450993,0,800450993,49232966 347188064 350788171 53241792 0 0 0 0 0 0 0 0 0 0 0 0 0 0 0 0 0 0 0 0 0 0 0 0 0 0 0 0 0 0 0 0 0 0 0 0,37,38,0,0,0,2400256,7000064,9223372036854771712,9223372036854771712,0,9223372036854771712,,0,380928,0,0,,26892,26799,61517,0,0,364544,0,0,0,Total 0,Total 0,Total 0,Total 0,Total 0,Total 0,,
1586651822851496746,2,6143,800450993,0,800450993,49232966 347188064 350788171 53241792 0 0 0 0 0 0 0 0 0 0 0 0 0 0 0 0 0 0 0 0 0 0 0 0 0 0 0 0 0 0 0 0 0 0 0 0,37,38,0,0,0,2400256,7000064,9223372036854771712,9223372036854771712,0,9223372036854771712,,0,380928,0,0,,26892,26799,61517,0,0,364544,0,0,0,Total 0,Total 0,Total 0,Total 0,Total 0,Total 0,,
1586651822901573643,2,6143,800450993,0,800450993,49232966 347188064 350788171 53241792 0 0 0 0 0 0 0 0 0 0 0 0 0 0 0 0 0 0 0 0 0 0 0 0 0 0 0 0 0 0 0 0 0 0 0 0,37,38,0,0,0,2400256,7000064,9223372036854771712,9223372036854771712,0,9223372036854771712,,0,380928,0,0,,26892,26799,61517,0,0,364544,0,0,0,Total 0,Total 0,Total 0,Total 0,Total 0,Total 0,,
1586651822951647954,2,6143,801297976,0,801297976,49232966 347188064 350999123 53877823 0 0 0 0 0 0 0 0 0 0 0 0 0 0 0 0 0 0 0 0 0 0 0 0 0 0 0 0 0 0 0 0 0 0 0 0,37,38,0,0,0,2609152,7000064,9223372036854771712,9223372036854771712,0,9223372036854771712,,0,376832,0,0,,26930,26838,61609,0,0,290816,0,0,0,Total 0,Total 0,Total 0,Total 0,Total 0,Total 0,,
1586651823001749353,2,6143,801297976,0,801297976,49232966 347188064 350999123 53877823 0 0 0 0 0 0 0 0 0 0 0 0 0 0 0 0 0 0 0 0 0 0 0 0 0 0 0 0 0 0 0 0 0 0 0 0,37,38,0,0,0,2609152,7000064,9223372036854771712,9223372036854771712,0,9223372036854771712,,0,376832,0,0,,26930,26838,61609,0,0,290816,0,0,0,Total 0,Total 0,Total 0,Total 0,Total 0,Total 0,,
1586651823051820890,2,6143,801297976,0,801297976,49232966 347188064 350999123 53877823 0 0 0 0 0 0 0 0 0 0 0 0 0 0 0 0 0 0 0 0 0 0 0 0 0 0 0 0 0 0 0 0 0 0 0 0,37,38,0,0,0,2609152,7000064,9223372036854771712,9223372036854771712,0,9223372036854771712,,0,376832,0,0,,26930,26838,61609,0,0,290816,0,0,0,Total 0,Total 0,Total 0,Total 0,Total 0,Total 0,,
1586651823101896976,2,6143,801297976,0,801297976,49232966 347188064 350999123 53877823 0 0 0 0 0 0 0 0 0 0 0 0 0 0 0 0 0 0 0 0 0 0 0 0 0 0 0 0 0 0 0 0 0 0 0 0,37,38,0,0,0,2609152,7000064,9223372036854771712,9223372036854771712,0,9223372036854771712,,0,376832,0,0,,26930,26838,61609,0,0,290816,0,0,0,Total 0,Total 0,Total 0,Total 0,Total 0,Total 0,,
1586651823151966732,2,6143,801297976,0,801297976,49232966 347188064 350999123 53877823 0 0 0 0 0 0 0 0 0 0 0 0 0 0 0 0 0 0 0 0 0 0 0 0 0 0 0 0 0 0 0 0 0 0 0 0,37,38,0,0,0,2609152,7000064,9223372036854771712,9223372036854771712,0,9223372036854771712,,0,376832,0,0,,26930,26838,61609,0,0,290816,0,0,0,Total 0,Total 0,Total 0,Total 0,Total 0,Total 0,,
1586651823202046973,2,6143,801297976,0,801297976,49232966 347188064 350999123 53877823 0 0 0 0 0 0 0 0 0 0 0 0 0 0 0 0 0 0 0 0 0 0 0 0 0 0 0 0 0 0 0 0 0 0 0 0,37,38,0,0,0,2609152,7000064,9223372036854771712,9223372036854771712,0,9223372036854771712,,0,376832,0,0,,26930,26838,61609,0,0,290816,0,0,0,Total 0,Total 0,Total 0,Total 0,Total 0,Total 0,,
1586651823252115884,2,6143,801297976,0,801297976,49232966 347188064 350999123 53877823 0 0 0 0 0 0 0 0 0 0 0 0 0 0 0 0 0 0 0 0 0 0 0 0 0 0 0 0 0 0 0 0 0 0 0 0,37,38,0,0,0,2609152,7000064,9223372036854771712,9223372036854771712,0,9223372036854771712,,0,376832,0,0,,26930,26838,61609,0,0,290816,0,0,0,Total 0,Total 0,Total 0,Total 0,Total 0,Total 0,,
1586651823302189131,2,6143,801297976,0,801297976,49232966 347188064 350999123 53877823 0 0 0 0 0 0 0 0 0 0 0 0 0 0 0 0 0 0 0 0 0 0 0 0 0 0 0 0 0 0 0 0 0 0 0 0,37,38,0,0,0,2609152,7000064,9223372036854771712,9223372036854771712,0,9223372036854771712,,0,376832,0,0,,26930,26838,61609,0,0,290816,0,0,0,Total 0,Total 0,Total 0,Total 0,Total 0,Total 0,,
1586651823352264862,2,6143,801297976,0,801297976,49232966 347188064 350999123 53877823 0 0 0 0 0 0 0 0 0 0 0 0 0 0 0 0 0 0 0 0 0 0 0 0 0 0 0 0 0 0 0 0 0 0 0 0,37,38,0,0,0,2609152,7000064,9223372036854771712,9223372036854771712,0,9223372036854771712,,0,376832,0,0,,26930,26838,61609,0,0,290816,0,0,0,Total 0,Total 0,Total 0,Total 0,Total 0,Total 0,,
1586651823402288519,2,6143,801297976,0,801297976,49232966 347188064 350999123 53877823 0 0 0 0 0 0 0 0 0 0 0 0 0 0 0 0 0 0 0 0 0 0 0 0 0 0 0 0 0 0 0 0 0 0 0 0,37,38,0,0,0,2609152,7000064,9223372036854771712,9223372036854771712,0,9223372036854771712,,0,376832,0,0,,26930,26838,61609,0,0,290816,0,0,0,Total 0,Total 0,Total 0,Total 0,Total 0,Total 0,,
1586651823452399999,2,6143,801297976,0,801297976,49232966 347188064 350999123 53877823 0 0 0 0 0 0 0 0 0 0 0 0 0 0 0 0 0 0 0 0 0 0 0 0 0 0 0 0 0 0 0 0 0 0 0 0,37,38,0,0,0,2609152,7000064,9223372036854771712,9223372036854771712,0,9223372036854771712,,0,376832,0,0,,26930,26838,61609,0,0,290816,0,0,0,Total 0,Total 0,Total 0,Total 0,Total 0,Total 0,,
1586651823502476111,2,6143,801297976,0,801297976,49232966 347188064 350999123 53877823 0 0 0 0 0 0 0 0 0 0 0 0 0 0 0 0 0 0 0 0 0 0 0 0 0 0 0 0 0 0 0 0 0 0 0 0,37,38,0,0,0,2609152,7000064,9223372036854771712,9223372036854771712,0,9223372036854771712,,0,376832,0,0,,26930,26838,61609,0,0,290816,0,0,0,Total 0,Total 0,Total 0,Total 0,Total 0,Total 0,,
1586651823552548705,2,6143,801297976,0,801297976,49232966 347188064 350999123 53877823 0 0 0 0 0 0 0 0 0 0 0 0 0 0 0 0 0 0 0 0 0 0 0 0 0 0 0 0 0 0 0 0 0 0 0 0,37,38,0,0,0,2609152,7000064,9223372036854771712,9223372036854771712,0,9223372036854771712,,0,376832,0,0,,26930,26838,61609,0,0,290816,0,0,0,Total 0,Total 0,Total 0,Total 0,Total 0,Total 0,,
1586651823602621098,2,6143,801297976,0,801297976,49232966 347188064 350999123 53877823 0 0 0 0 0 0 0 0 0 0 0 0 0 0 0 0 0 0 0 0 0 0 0 0 0 0 0 0 0 0 0 0 0 0 0 0,37,38,0,0,0,2609152,7000064,9223372036854771712,9223372036854771712,0,9223372036854771712,,0,376832,0,0,,26930,26838,61609,0,0,290816,0,0,0,Total 0,Total 0,Total 0,Total 0,Total 0,Total 0,,
1586651823652697673,2,6143,801297976,0,801297976,49232966 347188064 350999123 53877823 0 0 0 0 0 0 0 0 0 0 0 0 0 0 0 0 0 0 0 0 0 0 0 0 0 0 0 0 0 0 0 0 0 0 0 0,37,38,0,0,0,2609152,7000064,9223372036854771712,9223372036854771712,0,9223372036854771712,,0,376832,0,0,,26930,26838,61609,0,0,290816,0,0,0,Total 0,Total 0,Total 0,Total 0,Total 0,Total 0,,
1586651823702772876,2,6143,801297976,0,801297976,49232966 347188064 350999123 53877823 0 0 0 0 0 0 0 0 0 0 0 0 0 0 0 0 0 0 0 0 0 0 0 0 0 0 0 0 0 0 0 0 0 0 0 0,37,38,0,0,0,2609152,7000064,9223372036854771712,9223372036854771712,0,9223372036854771712,,0,376832,0,0,,26930,26838,61609,0,0,290816,0,0,0,Total 0,Total 0,Total 0,Total 0,Total 0,Total 0,,
1586651823752834452,2,6143,801297976,0,801297976,49232966 347188064 350999123 53877823 0 0 0 0 0 0 0 0 0 0 0 0 0 0 0 0 0 0 0 0 0 0 0 0 0 0 0 0 0 0 0 0 0 0 0 0,37,38,0,0,0,2609152,7000064,9223372036854771712,9223372036854771712,0,9223372036854771712,,0,376832,0,0,,26930,26838,61609,0,0,290816,0,0,0,Total 0,Total 0,Total 0,Total 0,Total 0,Total 0,,
1586651823802897491,2,6143,801297976,0,801297976,49232966 347188064 350999123 53877823 0 0 0 0 0 0 0 0 0 0 0 0 0 0 0 0 0 0 0 0 0 0 0 0 0 0 0 0 0 0 0 0 0 0 0 0,37,38,0,0,0,2609152,7000064,9223372036854771712,9223372036854771712,0,9223372036854771712,,0,376832,0,0,,26930,26838,61609,0,0,290816,0,0,0,Total 0,Total 0,Total 0,Total 0,Total 0,Total 0,,
1586651823852971001,2,6143,801297976,0,801297976,49232966 347188064 350999123 53877823 0 0 0 0 0 0 0 0 0 0 0 0 0 0 0 0 0 0 0 0 0 0 0 0 0 0 0 0 0 0 0 0 0 0 0 0,37,38,0,0,0,2609152,7000064,9223372036854771712,9223372036854771712,0,9223372036854771712,,0,376832,0,0,,26930,26838,61609,0,0,290816,0,0,0,Total 0,Total 0,Total 0,Total 0,Total 0,Total 0,,
1586651823903030613,2,6143,801297976,0,801297976,49232966 347188064 350999123 53877823 0 0 0 0 0 0 0 0 0 0 0 0 0 0 0 0 0 0 0 0 0 0 0 0 0 0 0 0 0 0 0 0 0 0 0 0,37,38,0,0,0,2609152,7000064,9223372036854771712,9223372036854771712,0,9223372036854771712,,0,376832,0,0,,26930,26838,61609,0,0,290816,0,0,0,Total 0,Total 0,Total 0,Total 0,Total 0,Total 0,,
1586651823953091637,2,6143,801297976,0,801297976,49232966 347188064 350999123 53877823 0 0 0 0 0 0 0 0 0 0 0 0 0 0 0 0 0 0 0 0 0 0 0 0 0 0 0 0 0 0 0 0 0 0 0 0,37,38,0,0,0,2609152,7000064,9223372036854771712,9223372036854771712,0,9223372036854771712,,0,376832,0,0,,26930,26838,61609,0,0,290816,0,0,0,Total 0,Total 0,Total 0,Total 0,Total 0,Total 0,,
1586651824003196640,2,6143,801297976,0,801297976,49232966 347188064 350999123 53877823 0 0 0 0 0 0 0 0 0 0 0 0 0 0 0 0 0 0 0 0 0 0 0 0 0 0 0 0 0 0 0 0 0 0 0 0,37,38,0,0,0,2609152,7000064,9223372036854771712,9223372036854771712,0,9223372036854771712,,0,376832,0,0,,26930,26838,61609,0,0,290816,0,0,0,Total 0,Total 0,Total 0,Total 0,Total 0,Total 0,,
1586651824053268570,2,6143,801297976,0,801297976,49232966 347188064 350999123 53877823 0 0 0 0 0 0 0 0 0 0 0 0 0 0 0 0 0 0 0 0 0 0 0 0 0 0 0 0 0 0 0 0 0 0 0 0,37,38,0,0,0,2609152,7000064,9223372036854771712,9223372036854771712,0,9223372036854771712,,0,376832,0,0,,26930,26838,61609,0,0,290816,0,0,0,Total 0,Total 0,Total 0,Total 0,Total 0,Total 0,,
1586651824103341500,2,6143,801297976,0,801297976,49232966 347188064 350999123 53877823 0 0 0 0 0 0 0 0 0 0 0 0 0 0 0 0 0 0 0 0 0 0 0 0 0 0 0 0 0 0 0 0 0 0 0 0,37,38,0,0,0,2609152,7000064,9223372036854771712,9223372036854771712,0,9223372036854771712,,0,376832,0,0,,26930,26838,61609,0,0,290816,0,0,0,Total 0,Total 0,Total 0,Total 0,Total 0,Total 0,,
1586651824153415803,2,6143,801297976,0,801297976,49232966 347188064 350999123 53877823 0 0 0 0 0 0 0 0 0 0 0 0 0 0 0 0 0 0 0 0 0 0 0 0 0 0 0 0 0 0 0 0 0 0 0 0,37,38,0,0,0,2609152,7000064,9223372036854771712,9223372036854771712,0,9223372036854771712,,0,376832,0,0,,26930,26838,61609,0,0,290816,0,0,0,Total 0,Total 0,Total 0,Total 0,Total 0,Total 0,,
1586651824203489242,2,6143,801297976,0,801297976,49232966 347188064 350999123 53877823 0 0 0 0 0 0 0 0 0 0 0 0 0 0 0 0 0 0 0 0 0 0 0 0 0 0 0 0 0 0 0 0 0 0 0 0,37,38,0,0,0,2609152,7000064,9223372036854771712,9223372036854771712,0,9223372036854771712,,0,376832,0,0,,26930,26838,61609,0,0,290816,0,0,0,Total 0,Total 0,Total 0,Total 0,Total 0,Total 0,,
1586651824253544637,2,6143,801297976,0,801297976,49232966 347188064 350999123 53877823 0 0 0 0 0 0 0 0 0 0 0 0 0 0 0 0 0 0 0 0 0 0 0 0 0 0 0 0 0 0 0 0 0 0 0 0,37,38,0,0,0,2609152,7000064,9223372036854771712,9223372036854771712,0,9223372036854771712,,0,376832,0,0,,26930,26838,61609,0,0,290816,0,0,0,Total 0,Total 0,Total 0,Total 0,Total 0,Total 0,,
1586651824303604392,2,6143,801297976,0,801297976,49232966 347188064 350999123 53877823 0 0 0 0 0 0 0 0 0 0 0 0 0 0 0 0 0 0 0 0 0 0 0 0 0 0 0 0 0 0 0 0 0 0 0 0,37,38,0,0,0,2609152,7000064,9223372036854771712,9223372036854771712,0,9223372036854771712,,0,376832,0,0,,26930,26838,61609,0,0,290816,0,0,0,Total 0,Total 0,Total 0,Total 0,Total 0,Total 0,,
1586651824353661658,2,6143,801297976,0,801297976,49232966 347188064 350999123 53877823 0 0 0 0 0 0 0 0 0 0 0 0 0 0 0 0 0 0 0 0 0 0 0 0 0 0 0 0 0 0 0 0 0 0 0 0,37,38,0,0,0,2609152,7000064,9223372036854771712,9223372036854771712,0,9223372036854771712,,0,376832,0,0,,26930,26838,61609,0,0,290816,0,0,0,Total 0,Total 0,Total 0,Total 0,Total 0,Total 0,,
1586651824403706432,2,6143,801297976,0,801297976,49232966 347188064 350999123 53877823 0 0 0 0 0 0 0 0 0 0 0 0 0 0 0 0 0 0 0 0 0 0 0 0 0 0 0 0 0 0 0 0 0 0 0 0,37,38,0,0,0,2609152,7000064,9223372036854771712,9223372036854771712,0,9223372036854771712,,0,376832,0,0,,26930,26838,61609,0,0,290816,0,0,0,Total 0,Total 0,Total 0,Total 0,Total 0,Total 0,,